(size == 7) [ { cluster distance:
  d(l, p) == 172.509
  l == (size == 1) [ [6] ]
  p == (size == 1) [ [7] ]
}  { cluster distance:
  d(l, p) == 165.791
  l == (size == 1) [ [3] ]
  p == (size == 1) [ [4] ]
}  { cluster distance:
  d(l, p) == 161.507
  l == (size == 1) [ [0] ]
  p == (size == 1) [ [1] ]
}  { cluster distance:
  d(l, p) == 155.204
  l == (size == 2) [ [3] [4] ]
  p == (size == 2) [ [6] [7] ]
}  { cluster distance:
  d(l, p) == 149.801
  l == (size == 2) [ [0] [1] ]
  p == (size == 4) [ [3] [4] [6] [7] ]
}  { cluster distance:
  d(l, p) == 145.375
  l == (size == 1) [ [2] ]
  p == (size == 1) [ [5] ]
}  { cluster distance:
  d(l, p) == 135.901
  l == (size == 6) [ [0] [1] [3] [4] [6] [7] ]
  p == (size == 2) [ [2] [5] ]
}  ]