(size == 95) [ { cluster distance:
  d(l, p) == 210.152
  l == (size == 1) [ [79] ]
  p == (size == 1) [ [44] ]
}  { cluster distance:
  d(l, p) == 203.91
  l == (size == 1) [ [91] ]
  p == (size == 1) [ [66] ]
}  { cluster distance:
  d(l, p) == 203.659
  l == (size == 1) [ [89] ]
  p == (size == 2) [ [91] [66] ]
}  { cluster distance:
  d(l, p) == 203.131
  l == (size == 2) [ [79] [44] ]
  p == (size == 1) [ [2] ]
}  { cluster distance:
  d(l, p) == 202.881
  l == (size == 3) [ [79] [44] [2] ]
  p == (size == 1) [ [73] ]
}  { cluster distance:
  d(l, p) == 202.807
  l == (size == 1) [ [38] ]
  p == (size == 1) [ [56] ]
}  { cluster distance:
  d(l, p) == 202.513
  l == (size == 4) [ [79] [44] [2] [73] ]
  p == (size == 1) [ [74] ]
}  { cluster distance:
  d(l, p) == 202.292
  l == (size == 1) [ [93] ]
  p == (size == 2) [ [38] [56] ]
}  { cluster distance:
  d(l, p) == 202.139
  l == (size == 3) [ [89] [91] [66] ]
  p == (size == 1) [ [80] ]
}  { cluster distance:
  d(l, p) == 201.678
  l == (size == 3) [ [93] [38] [56] ]
  p == (size == 1) [ [13] ]
}  { cluster distance:
  d(l, p) == 200.252
  l == (size == 4) [ [89] [91] [66] [80] ]
  p == (size == 1) [ [37] ]
}  { cluster distance:
  d(l, p) == 199.942
  l == (size == 5) [ [79] [44] [2] [73] [74] ]
  p == (size == 1) [ [61] ]
}  { cluster distance:
  d(l, p) == 199.937
  l == (size == 4) [ [93] [38] [56] [13] ]
  p == (size == 1) [ [75] ]
}  { cluster distance:
  d(l, p) == 199.314
  l == (size == 5) [ [93] [38] [56] [13] [75] ]
  p == (size == 1) [ [16] ]
}  { cluster distance:
  d(l, p) == 198.097
  l == (size == 6) [ [93] [38] [56] [13] [75] [16] ]
  p == (size == 1) [ [27] ]
}  { cluster distance:
  d(l, p) == 197.808
  l == (size == 1) [ [64] ]
  p == (size == 1) [ [60] ]
}  { cluster distance:
  d(l, p) == 197.295
  l == (size == 2) [ [64] [60] ]
  p == (size == 1) [ [36] ]
}  { cluster distance:
  d(l, p) == 196.582
  l == (size == 7) [ [93] [38] [56] [13] [75] [16] [27] ]
  p == (size == 1) [ [29] ]
}  { cluster distance:
  d(l, p) == 196.361
  l == (size == 6) [ [79] [44] [2] [73] [74] [61] ]
  p == (size == 1) [ [21] ]
}  { cluster distance:
  d(l, p) == 196.098
  l == (size == 3) [ [64] [60] [36] ]
  p == (size == 1) [ [11] ]
}  { cluster distance:
  d(l, p) == 195.852
  l == (size == 4) [ [64] [60] [36] [11] ]
  p == (size == 1) [ [40] ]
}  { cluster distance:
  d(l, p) == 195.789
  l == (size == 5) [ [89] [91] [66] [80] [37] ]
  p == (size == 1) [ [78] ]
}  { cluster distance:
  d(l, p) == 195.052
  l == (size == 6) [ [89] [91] [66] [80] [37] [78] ]
  p == (size == 1) [ [49] ]
}  { cluster distance:
  d(l, p) == 194.199
  l == (size == 7) [ [79] [44] [2] [73] [74] [61] [21] ]
  p == (size == 1) [ [23] ]
}  { cluster distance:
  d(l, p) == 193.856
  l == (size == 7) [ [89] [91] [66] [80] [37] [78] [49] ]
  p == (size == 1) [ [32] ]
}  { cluster distance:
  d(l, p) == 192.959
  l == (size == 5) [ [64] [60] [36] [11] [40] ]
  p == (size == 1) [ [39] ]
}  { cluster distance:
  d(l, p) == 192.858
  l == (size == 8) [ [89] [91] [66] [80] [37] [78] [49] [32] ]
  p == (size == 1) [ [6] ]
}  { cluster distance:
  d(l, p) == 192.529
  l == (size == 6) [ [64] [60] [36] [11] [40] [39] ]
  p == (size == 1) [ [50] ]
}  { cluster distance:
  d(l, p) == 192.436
  l == (size == 8) [ [93] [38] [56] [13] [75] [16] [27] [29] ]
  p == (size == 1) [ [8] ]
}  { cluster distance:
  d(l, p) == 192.374
  l == (size == 9) [ [89] [91] [66] [80] [37] [78] [49] [32] [6] ]
  p == (size == 1) [ [70] ]
}  { cluster distance:
  d(l, p) == 191.989
  l == (size == 7) [ [64] [60] [36] [11] [40] [39] [50] ]
  p == (size == 1) [ [71] ]
}  { cluster distance:
  d(l, p) == 191.645
  l == (size == 9) [ [93] [38] [56] [13] [75] [16] [27] [29] [8] ]
  p == (size == 1) [ [35] ]
}  { cluster distance:
  d(l, p) == 191.396
  l == (size == 1) [ [72] ]
  p == (size == 8) [ [64] [60] [36] [11] [40] [39] [50] [71] ]
}  { cluster distance:
  d(l, p) == 190.667
  l == (size == 10) [ [89] [91] [66] [80] [37] [78] [49] [32] [6] [70] ]
  p == (size == 1) [ [25] ]
}  { cluster distance:
  d(l, p) == 190.111
  l == (size == 11) [ [89] [91] [66] [80] [37] [78] [49] [32] [6] [70] [25] ]
  p == (size == 1) [ [33] ]
}  { cluster distance:
  d(l, p) == 189.372
  l == (size == 1) [ [95] ]
  p == (size == 12) [ [89] [91] [66] [80] [37] [78] [49] [32] [6] [70] [25] [33] ]
}  { cluster distance:
  d(l, p) == 189.301
  l == (size == 8) [ [79] [44] [2] [73] [74] [61] [21] [23] ]
  p == (size == 1) [ [3] ]
}  { cluster distance:
  d(l, p) == 189.251
  l == (size == 1) [ [90] ]
  p == (size == 9) [ [72] [64] [60] [36] [11] [40] [39] [50] [71] ]
}  { cluster distance:
  d(l, p) == 188.805
  l == (size == 9) [ [79] [44] [2] [73] [74] [61] [21] [23] [3] ]
  p == (size == 1) [ [10] ]
}  { cluster distance:
  d(l, p) == 188.121
  l == (size == 10) [ [90] [72] [64] [60] [36] [11] [40] [39] [50] [71] ]
  p == (size == 1) [ [5] ]
}  { cluster distance:
  d(l, p) == 188.062
  l == (size == 13) [ [95] [89] [91] [66] [80] [37] [78] [49] [32] [6] [70] [25] [33] ]
  p == (size == 1) [ [24] ]
}  { cluster distance:
  d(l, p) == 187.5
  l == (size == 10) [ [79] [44] [2] [73] [74] [61] [21] [23] [3] [10] ]
  p == (size == 1) [ [15] ]
}  { cluster distance:
  d(l, p) == 187.454
  l == (size == 11) [ [90] [72] [64] [60] [36] [11] [40] [39] [50] [71] [5] ]
  p == (size == 1) [ [51] ]
}  { cluster distance:
  d(l, p) == 187.232
  l == (size == 14) [ [95] [89] [91] [66] [80] [37] [78] [49] [32] [6] [70] [25] [33] [24] ]
  p == (size == 1) [ [85] ]
}  { cluster distance:
  d(l, p) == 187.153
  l == (size == 10) [ [93] [38] [56] [13] [75] [16] [27] [29] [8] [35] ]
  p == (size == 1) [ [31] ]
}  { cluster distance:
  d(l, p) == 186.876
  l == (size == 11) [ [79] [44] [2] [73] [74] [61] [21] [23] [3] [10] [15] ]
  p == (size == 1) [ [58] ]
}  { cluster distance:
  d(l, p) == 186.104
  l == (size == 12) [ [79] [44] [2] [73] [74] [61] [21] [23] [3] [10] [15] [58] ]
  p == (size == 1) [ [53] ]
}  { cluster distance:
  d(l, p) == 185.736
  l == (size == 13) [ [79] [44] [2] [73] [74] [61] [21] [23] [3] [10] [15] [58] [53] ]
  p == (size == 1) [ [48] ]
}  { cluster distance:
  d(l, p) == 185.515
  l == (size == 15) [ [95] [89] [91] [66] [80] [37] [78] [49] [32] [6] [70] [25] [33] [24] [85] ]
  p == (size == 12) [ [90] [72] [64] [60] [36] [11] [40] [39] [50] [71] [5] [51] ]
}  { cluster distance:
  d(l, p) == 185.495
  l == (size == 27) [ [95] [89] [91] [66] [80] [37] [78] [49] [32] [6] [70] [25] [33] [24] [85] [90] [72] [64] [60] [36] [11] [40] [39] [50] [71] [5] [51] ]
  p == (size == 1) [ [59] ]
}  { cluster distance:
  d(l, p) == 185.32
  l == (size == 28) [ [95] [89] [91] [66] [80] [37] [78] [49] [32] [6] [70] [25] [33] [24] [85] [90] [72] [64] [60] [36] [11] [40] [39] [50] [71] [5] [51] [59] ]
  p == (size == 1) [ [81] ]
}  { cluster distance:
  d(l, p) == 184.588
  l == (size == 14) [ [79] [44] [2] [73] [74] [61] [21] [23] [3] [10] [15] [58] [53] [48] ]
  p == (size == 1) [ [14] ]
}  { cluster distance:
  d(l, p) == 184.476
  l == (size == 29) [ [95] [89] [91] [66] [80] [37] [78] [49] [32] [6] [70] [25] [33] [24] [85] [90] [72] [64] [60] [36] [11] [40] [39] [50] [71] [5] [51] [59] [81] ]
  p == (size == 1) [ [12] ]
}  { cluster distance:
  d(l, p) == 184.384
  l == (size == 11) [ [93] [38] [56] [13] [75] [16] [27] [29] [8] [35] [31] ]
  p == (size == 1) [ [1] ]
}  { cluster distance:
  d(l, p) == 184.176
  l == (size == 30) [ [95] [89] [91] [66] [80] [37] [78] [49] [32] [6] [70] [25] [33] [24] [85] [90] [72] [64] [60] [36] [11] [40] [39] [50] [71] [5] [51] [59] [81] [12] ]
  p == (size == 1) [ [63] ]
}  { cluster distance:
  d(l, p) == 184.042
  l == (size == 31) [ [95] [89] [91] [66] [80] [37] [78] [49] [32] [6] [70] [25] [33] [24] [85] [90] [72] [64] [60] [36] [11] [40] [39] [50] [71] [5] [51] [59] [81] [12] [63] ]
  p == (size == 12) [ [93] [38] [56] [13] [75] [16] [27] [29] [8] [35] [31] [1] ]
}  { cluster distance:
  d(l, p) == 183.575
  l == (size == 43) [ [95] [89] [91] [66] [80] [37] [78] [49] [32] [6] [70] [25] [33] [24] [85] [90] [72] [64] [60] [36] [11] [40] [39] [50] [71] [5] [51] [59] [81] [12] [63] [93] [38] [56] [13] [75] [16] [27] [29] [8] [35] [31] [1] ]
  p == (size == 1) [ [34] ]
}  { cluster distance:
  d(l, p) == 183.346
  l == (size == 44) [ [95] [89] [91] [66] [80] [37] [78] [49] [32] [6] [70] [25] [33] [24] [85] [90] [72] [64] [60] [36] [11] [40] [39] [50] [71] [5] [51] [59] [81] [12] [63] [93] [38] [56] [13] [75] [16] [27] [29] [8] [35] [31] [1] [34] ]
  p == (size == 1) [ [69] ]
}  { cluster distance:
  d(l, p) == 182.873
  l == (size == 45) [ [95] [89] [91] [66] [80] [37] [78] [49] [32] [6] [70] [25] [33] [24] [85] [90] [72] [64] [60] [36] [11] [40] [39] [50] [71] [5] [51] [59] [81] [12] [63] [93] [38] [56] [13] [75] [16] [27] [29] [8] [35] [31] [1] [34] [69] ]
  p == (size == 1) [ [82] ]
}  { cluster distance:
  d(l, p) == 182.028
  l == (size == 46) [ [95] [89] [91] [66] [80] [37] [78] [49] [32] [6] [70] [25] [33] [24] [85] [90] [72] [64] [60] [36] [11] [40] [39] [50] [71] [5] [51] [59] [81] [12] [63] [93] [38] [56] [13] [75] [16] [27] [29] [8] [35] [31] [1] [34] [69] [82] ]
  p == (size == 1) [ [0] ]
}  { cluster distance:
  d(l, p) == 181.935
  l == (size == 47) [ [95] [89] [91] [66] [80] [37] [78] [49] [32] [6] [70] [25] [33] [24] [85] [90] [72] [64] [60] [36] [11] [40] [39] [50] [71] [5] [51] [59] [81] [12] [63] [93] [38] [56] [13] [75] [16] [27] [29] [8] [35] [31] [1] [34] [69] [82] [0] ]
  p == (size == 1) [ [17] ]
}  { cluster distance:
  d(l, p) == 181.904
  l == (size == 48) [ [95] [89] [91] [66] [80] [37] [78] [49] [32] [6] [70] [25] [33] [24] [85] [90] [72] [64] [60] [36] [11] [40] [39] [50] [71] [5] [51] [59] [81] [12] [63] [93] [38] [56] [13] [75] [16] [27] [29] [8] [35] [31] [1] [34] [69] [82] [0] [17] ]
  p == (size == 1) [ [41] ]
}  { cluster distance:
  d(l, p) == 181.569
  l == (size == 1) [ [86] ]
  p == (size == 15) [ [79] [44] [2] [73] [74] [61] [21] [23] [3] [10] [15] [58] [53] [48] [14] ]
}  { cluster distance:
  d(l, p) == 181.517
  l == (size == 49) [ [95] [89] [91] [66] [80] [37] [78] [49] [32] [6] [70] [25] [33] [24] [85] [90] [72] [64] [60] [36] [11] [40] [39] [50] [71] [5] [51] [59] [81] [12] [63] [93] [38] [56] [13] [75] [16] [27] [29] [8] [35] [31] [1] [34] [69] [82] [0] [17] [41] ]
  p == (size == 1) [ [77] ]
}  { cluster distance:
  d(l, p) == 181.361
  l == (size == 16) [ [86] [79] [44] [2] [73] [74] [61] [21] [23] [3] [10] [15] [58] [53] [48] [14] ]
  p == (size == 1) [ [4] ]
}  { cluster distance:
  d(l, p) == 181.085
  l == (size == 17) [ [86] [79] [44] [2] [73] [74] [61] [21] [23] [3] [10] [15] [58] [53] [48] [14] [4] ]
  p == (size == 1) [ [26] ]
}  { cluster distance:
  d(l, p) == 180.703
  l == (size == 50) [ [95] [89] [91] [66] [80] [37] [78] [49] [32] [6] [70] [25] [33] [24] [85] [90] [72] [64] [60] [36] [11] [40] [39] [50] [71] [5] [51] [59] [81] [12] [63] [93] [38] [56] [13] [75] [16] [27] [29] [8] [35] [31] [1] [34] [69] [82] [0] [17] [41] [77] ]
  p == (size == 1) [ [20] ]
}  { cluster distance:
  d(l, p) == 180.674
  l == (size == 51) [ [95] [89] [91] [66] [80] [37] [78] [49] [32] [6] [70] [25] [33] [24] [85] [90] [72] [64] [60] [36] [11] [40] [39] [50] [71] [5] [51] [59] [81] [12] [63] [93] [38] [56] [13] [75] [16] [27] [29] [8] [35] [31] [1] [34] [69] [82] [0] [17] [41] [77] [20] ]
  p == (size == 1) [ [94] ]
}  { cluster distance:
  d(l, p) == 180.094
  l == (size == 52) [ [95] [89] [91] [66] [80] [37] [78] [49] [32] [6] [70] [25] [33] [24] [85] [90] [72] [64] [60] [36] [11] [40] [39] [50] [71] [5] [51] [59] [81] [12] [63] [93] [38] [56] [13] [75] [16] [27] [29] [8] [35] [31] [1] [34] [69] [82] [0] [17] [41] [77] [20] [94] ]
  p == (size == 1) [ [54] ]
}  { cluster distance:
  d(l, p) == 179.927
  l == (size == 53) [ [95] [89] [91] [66] [80] [37] [78] [49] [32] [6] [70] [25] [33] [24] [85] [90] [72] [64] [60] [36] [11] [40] [39] [50] [71] [5] [51] [59] [81] [12] [63] [93] [38] [56] [13] [75] [16] [27] [29] [8] [35] [31] [1] [34] [69] [82] [0] [17] [41] [77] [20] [94] [54] ]
  p == (size == 1) [ [88] ]
}  { cluster distance:
  d(l, p) == 179.813
  l == (size == 18) [ [86] [79] [44] [2] [73] [74] [61] [21] [23] [3] [10] [15] [58] [53] [48] [14] [4] [26] ]
  p == (size == 1) [ [84] ]
}  { cluster distance:
  d(l, p) == 179.571
  l == (size == 54) [ [95] [89] [91] [66] [80] [37] [78] [49] [32] [6] [70] [25] [33] [24] [85] [90] [72] [64] [60] [36] [11] [40] [39] [50] [71] [5] [51] [59] [81] [12] [63] [93] [38] [56] [13] [75] [16] [27] [29] [8] [35] [31] [1] [34] [69] [82] [0] [17] [41] [77] [20] [94] [54] [88] ]
  p == (size == 1) [ [47] ]
}  { cluster distance:
  d(l, p) == 179.17
  l == (size == 55) [ [95] [89] [91] [66] [80] [37] [78] [49] [32] [6] [70] [25] [33] [24] [85] [90] [72] [64] [60] [36] [11] [40] [39] [50] [71] [5] [51] [59] [81] [12] [63] [93] [38] [56] [13] [75] [16] [27] [29] [8] [35] [31] [1] [34] [69] [82] [0] [17] [41] [77] [20] [94] [54] [88] [47] ]
  p == (size == 19) [ [86] [79] [44] [2] [73] [74] [61] [21] [23] [3] [10] [15] [58] [53] [48] [14] [4] [26] [84] ]
}  { cluster distance:
  d(l, p) == 178.985
  l == (size == 74) [ [95] [89] [91] [66] [80] [37] [78] [49] [32] [6] [70] [25] [33] [24] [85] [90] [72] [64] [60] [36] [11] [40] [39] [50] [71] [5] [51] [59] [81] [12] [63] [93] [38] [56] [13] [75] [16] [27] [29] [8] [35] [31] [1] [34] [69] [82] [0] [17] [41] [77] [20] [94] [54] [88] [47] [86] [79] [44] [2] [73] [74] [61] [21] [23] [3] [10] [15] [58] [53] [48] [14] [4] [26] [84] ]
  p == (size == 1) [ [42] ]
}  { cluster distance:
  d(l, p) == 178.852
  l == (size == 75) [ [95] [89] [91] [66] [80] [37] [78] [49] [32] [6] [70] [25] [33] [24] [85] [90] [72] [64] [60] [36] [11] [40] [39] [50] [71] [5] [51] [59] [81] [12] [63] [93] [38] [56] [13] [75] [16] [27] [29] [8] [35] [31] [1] [34] [69] [82] [0] [17] [41] [77] [20] [94] [54] [88] [47] [86] [79] [44] [2] [73] [74] [61] [21] [23] [3] [10] [15] [58] [53] [48] [14] [4] [26] [84] [42] ]
  p == (size == 1) [ [28] ]
}  { cluster distance:
  d(l, p) == 178.56
  l == (size == 76) [ [95] [89] [91] [66] [80] [37] [78] [49] [32] [6] [70] [25] [33] [24] [85] [90] [72] [64] [60] [36] [11] [40] [39] [50] [71] [5] [51] [59] [81] [12] [63] [93] [38] [56] [13] [75] [16] [27] [29] [8] [35] [31] [1] [34] [69] [82] [0] [17] [41] [77] [20] [94] [54] [88] [47] [86] [79] [44] [2] [73] [74] [61] [21] [23] [3] [10] [15] [58] [53] [48] [14] [4] [26] [84] [42] [28] ]
  p == (size == 1) [ [65] ]
}  { cluster distance:
  d(l, p) == 178.332
  l == (size == 77) [ [95] [89] [91] [66] [80] [37] [78] [49] [32] [6] [70] [25] [33] [24] [85] [90] [72] [64] [60] [36] [11] [40] [39] [50] [71] [5] [51] [59] [81] [12] [63] [93] [38] [56] [13] [75] [16] [27] [29] [8] [35] [31] [1] [34] [69] [82] [0] [17] [41] [77] [20] [94] [54] [88] [47] [86] [79] [44] [2] [73] [74] [61] [21] [23] [3] [10] [15] [58] [53] [48] [14] [4] [26] [84] [42] [28] [65] ]
  p == (size == 1) [ [62] ]
}  { cluster distance:
  d(l, p) == 178.052
  l == (size == 78) [ [95] [89] [91] [66] [80] [37] [78] [49] [32] [6] [70] [25] [33] [24] [85] [90] [72] [64] [60] [36] [11] [40] [39] [50] [71] [5] [51] [59] [81] [12] [63] [93] [38] [56] [13] [75] [16] [27] [29] [8] [35] [31] [1] [34] [69] [82] [0] [17] [41] [77] [20] [94] [54] [88] [47] [86] [79] [44] [2] [73] [74] [61] [21] [23] [3] [10] [15] [58] [53] [48] [14] [4] [26] [84] [42] [28] [65] [62] ]
  p == (size == 1) [ [52] ]
}  { cluster distance:
  d(l, p) == 177.454
  l == (size == 79) [ [95] [89] [91] [66] [80] [37] [78] [49] [32] [6] [70] [25] [33] [24] [85] [90] [72] [64] [60] [36] [11] [40] [39] [50] [71] [5] [51] [59] [81] [12] [63] [93] [38] [56] [13] [75] [16] [27] [29] [8] [35] [31] [1] [34] [69] [82] [0] [17] [41] [77] [20] [94] [54] [88] [47] [86] [79] [44] [2] [73] [74] [61] [21] [23] [3] [10] [15] [58] [53] [48] [14] [4] [26] [84] [42] [28] [65] [62] [52] ]
  p == (size == 1) [ [83] ]
}  { cluster distance:
  d(l, p) == 177.381
  l == (size == 80) [ [95] [89] [91] [66] [80] [37] [78] [49] [32] [6] [70] [25] [33] [24] [85] [90] [72] [64] [60] [36] [11] [40] [39] [50] [71] [5] [51] [59] [81] [12] [63] [93] [38] [56] [13] [75] [16] [27] [29] [8] [35] [31] [1] [34] [69] [82] [0] [17] [41] [77] [20] [94] [54] [88] [47] [86] [79] [44] [2] [73] [74] [61] [21] [23] [3] [10] [15] [58] [53] [48] [14] [4] [26] [84] [42] [28] [65] [62] [52] [83] ]
  p == (size == 1) [ [68] ]
}  { cluster distance:
  d(l, p) == 176.455
  l == (size == 81) [ [95] [89] [91] [66] [80] [37] [78] [49] [32] [6] [70] [25] [33] [24] [85] [90] [72] [64] [60] [36] [11] [40] [39] [50] [71] [5] [51] [59] [81] [12] [63] [93] [38] [56] [13] [75] [16] [27] [29] [8] [35] [31] [1] [34] [69] [82] [0] [17] [41] [77] [20] [94] [54] [88] [47] [86] [79] [44] [2] [73] [74] [61] [21] [23] [3] [10] [15] [58] [53] [48] [14] [4] [26] [84] [42] [28] [65] [62] [52] [83] [68] ]
  p == (size == 1) [ [67] ]
}  { cluster distance:
  d(l, p) == 176.335
  l == (size == 82) [ [95] [89] [91] [66] [80] [37] [78] [49] [32] [6] [70] [25] [33] [24] [85] [90] [72] [64] [60] [36] [11] [40] [39] [50] [71] [5] [51] [59] [81] [12] [63] [93] [38] [56] [13] [75] [16] [27] [29] [8] [35] [31] [1] [34] [69] [82] [0] [17] [41] [77] [20] [94] [54] [88] [47] [86] [79] [44] [2] [73] [74] [61] [21] [23] [3] [10] [15] [58] [53] [48] [14] [4] [26] [84] [42] [28] [65] [62] [52] [83] [68] [67] ]
  p == (size == 1) [ [92] ]
}  { cluster distance:
  d(l, p) == 176.168
  l == (size == 83) [ [95] [89] [91] [66] [80] [37] [78] [49] [32] [6] [70] [25] [33] [24] [85] [90] [72] [64] [60] [36] [11] [40] [39] [50] [71] [5] [51] [59] [81] [12] [63] [93] [38] [56] [13] [75] [16] [27] [29] [8] [35] [31] [1] [34] [69] [82] [0] [17] [41] [77] [20] [94] [54] [88] [47] [86] [79] [44] [2] [73] [74] [61] [21] [23] [3] [10] [15] [58] [53] [48] [14] [4] [26] [84] [42] [28] [65] [62] [52] [83] [68] [67] [92] ]
  p == (size == 1) [ [45] ]
}  { cluster distance:
  d(l, p) == 175.593
  l == (size == 84) [ [95] [89] [91] [66] [80] [37] [78] [49] [32] [6] [70] [25] [33] [24] [85] [90] [72] [64] [60] [36] [11] [40] [39] [50] [71] [5] [51] [59] [81] [12] [63] [93] [38] [56] [13] [75] [16] [27] [29] [8] [35] [31] [1] [34] [69] [82] [0] [17] [41] [77] [20] [94] [54] [88] [47] [86] [79] [44] [2] [73] [74] [61] [21] [23] [3] [10] [15] [58] [53] [48] [14] [4] [26] [84] [42] [28] [65] [62] [52] [83] [68] [67] [92] [45] ]
  p == (size == 1) [ [57] ]
}  { cluster distance:
  d(l, p) == 175.083
  l == (size == 85) [ [95] [89] [91] [66] [80] [37] [78] [49] [32] [6] [70] [25] [33] [24] [85] [90] [72] [64] [60] [36] [11] [40] [39] [50] [71] [5] [51] [59] [81] [12] [63] [93] [38] [56] [13] [75] [16] [27] [29] [8] [35] [31] [1] [34] [69] [82] [0] [17] [41] [77] [20] [94] [54] [88] [47] [86] [79] [44] [2] [73] [74] [61] [21] [23] [3] [10] [15] [58] [53] [48] [14] [4] [26] [84] [42] [28] [65] [62] [52] [83] [68] [67] [92] [45] [57] ]
  p == (size == 1) [ [76] ]
}  { cluster distance:
  d(l, p) == 174.273
  l == (size == 86) [ [95] [89] [91] [66] [80] [37] [78] [49] [32] [6] [70] [25] [33] [24] [85] [90] [72] [64] [60] [36] [11] [40] [39] [50] [71] [5] [51] [59] [81] [12] [63] [93] [38] [56] [13] [75] [16] [27] [29] [8] [35] [31] [1] [34] [69] [82] [0] [17] [41] [77] [20] [94] [54] [88] [47] [86] [79] [44] [2] [73] [74] [61] [21] [23] [3] [10] [15] [58] [53] [48] [14] [4] [26] [84] [42] [28] [65] [62] [52] [83] [68] [67] [92] [45] [57] [76] ]
  p == (size == 1) [ [30] ]
}  { cluster distance:
  d(l, p) == 173.997
  l == (size == 87) [ [95] [89] [91] [66] [80] [37] [78] [49] [32] [6] [70] [25] [33] [24] [85] [90] [72] [64] [60] [36] [11] [40] [39] [50] [71] [5] [51] [59] [81] [12] [63] [93] [38] [56] [13] [75] [16] [27] [29] [8] [35] [31] [1] [34] [69] [82] [0] [17] [41] [77] [20] [94] [54] [88] [47] [86] [79] [44] [2] [73] [74] [61] [21] [23] [3] [10] [15] [58] [53] [48] [14] [4] [26] [84] [42] [28] [65] [62] [52] [83] [68] [67] [92] [45] [57] [76] [30] ]
  p == (size == 1) [ [18] ]
}  { cluster distance:
  d(l, p) == 173.2
  l == (size == 88) [ [95] [89] [91] [66] [80] [37] [78] [49] [32] [6] [70] [25] [33] [24] [85] [90] [72] [64] [60] [36] [11] [40] [39] [50] [71] [5] [51] [59] [81] [12] [63] [93] [38] [56] [13] [75] [16] [27] [29] [8] [35] [31] [1] [34] [69] [82] [0] [17] [41] [77] [20] [94] [54] [88] [47] [86] [79] [44] [2] [73] [74] [61] [21] [23] [3] [10] [15] [58] [53] [48] [14] [4] [26] [84] [42] [28] [65] [62] [52] [83] [68] [67] [92] [45] [57] [76] [30] [18] ]
  p == (size == 1) [ [87] ]
}  { cluster distance:
  d(l, p) == 172.45
  l == (size == 89) [ [95] [89] [91] [66] [80] [37] [78] [49] [32] [6] [70] [25] [33] [24] [85] [90] [72] [64] [60] [36] [11] [40] [39] [50] [71] [5] [51] [59] [81] [12] [63] [93] [38] [56] [13] [75] [16] [27] [29] [8] [35] [31] [1] [34] [69] [82] [0] [17] [41] [77] [20] [94] [54] [88] [47] [86] [79] [44] [2] [73] [74] [61] [21] [23] [3] [10] [15] [58] [53] [48] [14] [4] [26] [84] [42] [28] [65] [62] [52] [83] [68] [67] [92] [45] [57] [76] [30] [18] [87] ]
  p == (size == 1) [ [55] ]
}  { cluster distance:
  d(l, p) == 172.276
  l == (size == 90) [ [95] [89] [91] [66] [80] [37] [78] [49] [32] [6] [70] [25] [33] [24] [85] [90] [72] [64] [60] [36] [11] [40] [39] [50] [71] [5] [51] [59] [81] [12] [63] [93] [38] [56] [13] [75] [16] [27] [29] [8] [35] [31] [1] [34] [69] [82] [0] [17] [41] [77] [20] [94] [54] [88] [47] [86] [79] [44] [2] [73] [74] [61] [21] [23] [3] [10] [15] [58] [53] [48] [14] [4] [26] [84] [42] [28] [65] [62] [52] [83] [68] [67] [92] [45] [57] [76] [30] [18] [87] [55] ]
  p == (size == 1) [ [22] ]
}  { cluster distance:
  d(l, p) == 170.373
  l == (size == 91) [ [95] [89] [91] [66] [80] [37] [78] [49] [32] [6] [70] [25] [33] [24] [85] [90] [72] [64] [60] [36] [11] [40] [39] [50] [71] [5] [51] [59] [81] [12] [63] [93] [38] [56] [13] [75] [16] [27] [29] [8] [35] [31] [1] [34] [69] [82] [0] [17] [41] [77] [20] [94] [54] [88] [47] [86] [79] [44] [2] [73] [74] [61] [21] [23] [3] [10] [15] [58] [53] [48] [14] [4] [26] [84] [42] [28] [65] [62] [52] [83] [68] [67] [92] [45] [57] [76] [30] [18] [87] [55] [22] ]
  p == (size == 1) [ [43] ]
}  { cluster distance:
  d(l, p) == 170.143
  l == (size == 92) [ [95] [89] [91] [66] [80] [37] [78] [49] [32] [6] [70] [25] [33] [24] [85] [90] [72] [64] [60] [36] [11] [40] [39] [50] [71] [5] [51] [59] [81] [12] [63] [93] [38] [56] [13] [75] [16] [27] [29] [8] [35] [31] [1] [34] [69] [82] [0] [17] [41] [77] [20] [94] [54] [88] [47] [86] [79] [44] [2] [73] [74] [61] [21] [23] [3] [10] [15] [58] [53] [48] [14] [4] [26] [84] [42] [28] [65] [62] [52] [83] [68] [67] [92] [45] [57] [76] [30] [18] [87] [55] [22] [43] ]
  p == (size == 1) [ [9] ]
}  { cluster distance:
  d(l, p) == 169.268
  l == (size == 93) [ [95] [89] [91] [66] [80] [37] [78] [49] [32] [6] [70] [25] [33] [24] [85] [90] [72] [64] [60] [36] [11] [40] [39] [50] [71] [5] [51] [59] [81] [12] [63] [93] [38] [56] [13] [75] [16] [27] [29] [8] [35] [31] [1] [34] [69] [82] [0] [17] [41] [77] [20] [94] [54] [88] [47] [86] [79] [44] [2] [73] [74] [61] [21] [23] [3] [10] [15] [58] [53] [48] [14] [4] [26] [84] [42] [28] [65] [62] [52] [83] [68] [67] [92] [45] [57] [76] [30] [18] [87] [55] [22] [43] [9] ]
  p == (size == 1) [ [7] ]
}  { cluster distance:
  d(l, p) == 168.905
  l == (size == 94) [ [95] [89] [91] [66] [80] [37] [78] [49] [32] [6] [70] [25] [33] [24] [85] [90] [72] [64] [60] [36] [11] [40] [39] [50] [71] [5] [51] [59] [81] [12] [63] [93] [38] [56] [13] [75] [16] [27] [29] [8] [35] [31] [1] [34] [69] [82] [0] [17] [41] [77] [20] [94] [54] [88] [47] [86] [79] [44] [2] [73] [74] [61] [21] [23] [3] [10] [15] [58] [53] [48] [14] [4] [26] [84] [42] [28] [65] [62] [52] [83] [68] [67] [92] [45] [57] [76] [30] [18] [87] [55] [22] [43] [9] [7] ]
  p == (size == 1) [ [46] ]
}  { cluster distance:
  d(l, p) == 164.227
  l == (size == 95) [ [95] [89] [91] [66] [80] [37] [78] [49] [32] [6] [70] [25] [33] [24] [85] [90] [72] [64] [60] [36] [11] [40] [39] [50] [71] [5] [51] [59] [81] [12] [63] [93] [38] [56] [13] [75] [16] [27] [29] [8] [35] [31] [1] [34] [69] [82] [0] [17] [41] [77] [20] [94] [54] [88] [47] [86] [79] [44] [2] [73] [74] [61] [21] [23] [3] [10] [15] [58] [53] [48] [14] [4] [26] [84] [42] [28] [65] [62] [52] [83] [68] [67] [92] [45] [57] [76] [30] [18] [87] [55] [22] [43] [9] [7] [46] ]
  p == (size == 1) [ [19] ]
}  ]