(size == 15) [ { cluster distance:
  d(l, p) == 199.637
  l == (size == 1) [ [7] ]
  p == (size == 1) [ [8] ]
}  { cluster distance:
  d(l, p) == 192.476
  l == (size == 2) [ [7] [8] ]
  p == (size == 1) [ [10] ]
}  { cluster distance:
  d(l, p) == 179.743
  l == (size == 1) [ [5] ]
  p == (size == 1) [ [12] ]
}  { cluster distance:
  d(l, p) == 178.266
  l == (size == 1) [ [13] ]
  p == (size == 1) [ [0] ]
}  { cluster distance:
  d(l, p) == 178.23
  l == (size == 1) [ [4] ]
  p == (size == 2) [ [5] [12] ]
}  { cluster distance:
  d(l, p) == 173.898
  l == (size == 1) [ [3] ]
  p == (size == 3) [ [7] [8] [10] ]
}  { cluster distance:
  d(l, p) == 173.048
  l == (size == 2) [ [13] [0] ]
  p == (size == 1) [ [1] ]
}  { cluster distance:
  d(l, p) == 172.791
  l == (size == 1) [ [14] ]
  p == (size == 3) [ [4] [5] [12] ]
}  { cluster distance:
  d(l, p) == 171.052
  l == (size == 3) [ [13] [0] [1] ]
  p == (size == 4) [ [3] [7] [8] [10] ]
}  { cluster distance:
  d(l, p) == 168.847
  l == (size == 7) [ [13] [0] [1] [3] [7] [8] [10] ]
  p == (size == 1) [ [2] ]
}  { cluster distance:
  d(l, p) == 168.063
  l == (size == 4) [ [14] [4] [5] [12] ]
  p == (size == 8) [ [13] [0] [1] [3] [7] [8] [10] [2] ]
}  { cluster distance:
  d(l, p) == 166.54
  l == (size == 1) [ [11] ]
  p == (size == 1) [ [6] ]
}  { cluster distance:
  d(l, p) == 166.245
  l == (size == 2) [ [11] [6] ]
  p == (size == 1) [ [9] ]
}  { cluster distance:
  d(l, p) == 161.427
  l == (size == 1) [ [15] ]
  p == (size == 3) [ [11] [6] [9] ]
}  { cluster distance:
  d(l, p) == 156.036
  l == (size == 4) [ [15] [11] [6] [9] ]
  p == (size == 12) [ [14] [4] [5] [12] [13] [0] [1] [3] [7] [8] [10] [2] ]
}  ]