(size == 199) [ { cluster distance:
  d(l, p) == 226.273
  l == (size == 1) [ [107] ]
  p == (size == 1) [ [44] ]
}  { cluster distance:
  d(l, p) == 220.206
  l == (size == 2) [ [107] [44] ]
  p == (size == 1) [ [139] ]
}  { cluster distance:
  d(l, p) == 219.767
  l == (size == 1) [ [19] ]
  p == (size == 1) [ [59] ]
}  { cluster distance:
  d(l, p) == 218.103
  l == (size == 2) [ [19] [59] ]
  p == (size == 1) [ [175] ]
}  { cluster distance:
  d(l, p) == 215.122
  l == (size == 3) [ [19] [59] [175] ]
  p == (size == 1) [ [180] ]
}  { cluster distance:
  d(l, p) == 214.624
  l == (size == 4) [ [19] [59] [175] [180] ]
  p == (size == 1) [ [51] ]
}  { cluster distance:
  d(l, p) == 212.928
  l == (size == 1) [ [142] ]
  p == (size == 3) [ [107] [44] [139] ]
}  { cluster distance:
  d(l, p) == 211.967
  l == (size == 4) [ [142] [107] [44] [139] ]
  p == (size == 1) [ [71] ]
}  { cluster distance:
  d(l, p) == 210.832
  l == (size == 5) [ [19] [59] [175] [180] [51] ]
  p == (size == 1) [ [27] ]
}  { cluster distance:
  d(l, p) == 208.988
  l == (size == 6) [ [19] [59] [175] [180] [51] [27] ]
  p == (size == 1) [ [43] ]
}  { cluster distance:
  d(l, p) == 208.853
  l == (size == 1) [ [2] ]
  p == (size == 1) [ [149] ]
}  { cluster distance:
  d(l, p) == 208.816
  l == (size == 5) [ [142] [107] [44] [139] [71] ]
  p == (size == 1) [ [154] ]
}  { cluster distance:
  d(l, p) == 208.703
  l == (size == 2) [ [2] [149] ]
  p == (size == 1) [ [195] ]
}  { cluster distance:
  d(l, p) == 208.645
  l == (size == 1) [ [157] ]
  p == (size == 1) [ [94] ]
}  { cluster distance:
  d(l, p) == 208.629
  l == (size == 7) [ [19] [59] [175] [180] [51] [27] [43] ]
  p == (size == 1) [ [176] ]
}  { cluster distance:
  d(l, p) == 208.602
  l == (size == 3) [ [2] [149] [195] ]
  p == (size == 2) [ [157] [94] ]
}  { cluster distance:
  d(l, p) == 208.276
  l == (size == 1) [ [55] ]
  p == (size == 6) [ [142] [107] [44] [139] [71] [154] ]
}  { cluster distance:
  d(l, p) == 208.131
  l == (size == 1) [ [57] ]
  p == (size == 5) [ [2] [149] [195] [157] [94] ]
}  { cluster distance:
  d(l, p) == 207.973
  l == (size == 6) [ [57] [2] [149] [195] [157] [94] ]
  p == (size == 1) [ [189] ]
}  { cluster distance:
  d(l, p) == 207.863
  l == (size == 8) [ [19] [59] [175] [180] [51] [27] [43] [176] ]
  p == (size == 1) [ [79] ]
}  { cluster distance:
  d(l, p) == 207.644
  l == (size == 7) [ [55] [142] [107] [44] [139] [71] [154] ]
  p == (size == 1) [ [40] ]
}  { cluster distance:
  d(l, p) == 207.379
  l == (size == 9) [ [19] [59] [175] [180] [51] [27] [43] [176] [79] ]
  p == (size == 1) [ [137] ]
}  { cluster distance:
  d(l, p) == 207.295
  l == (size == 10) [ [19] [59] [175] [180] [51] [27] [43] [176] [79] [137] ]
  p == (size == 1) [ [45] ]
}  { cluster distance:
  d(l, p) == 207.111
  l == (size == 7) [ [57] [2] [149] [195] [157] [94] [189] ]
  p == (size == 1) [ [18] ]
}  { cluster distance:
  d(l, p) == 206.735
  l == (size == 11) [ [19] [59] [175] [180] [51] [27] [43] [176] [79] [137] [45] ]
  p == (size == 1) [ [72] ]
}  { cluster distance:
  d(l, p) == 206.523
  l == (size == 8) [ [55] [142] [107] [44] [139] [71] [154] [40] ]
  p == (size == 1) [ [186] ]
}  { cluster distance:
  d(l, p) == 206.161
  l == (size == 12) [ [19] [59] [175] [180] [51] [27] [43] [176] [79] [137] [45] [72] ]
  p == (size == 1) [ [188] ]
}  { cluster distance:
  d(l, p) == 205.811
  l == (size == 9) [ [55] [142] [107] [44] [139] [71] [154] [40] [186] ]
  p == (size == 1) [ [187] ]
}  { cluster distance:
  d(l, p) == 205.452
  l == (size == 10) [ [55] [142] [107] [44] [139] [71] [154] [40] [186] [187] ]
  p == (size == 1) [ [73] ]
}  { cluster distance:
  d(l, p) == 205.292
  l == (size == 8) [ [57] [2] [149] [195] [157] [94] [189] [18] ]
  p == (size == 1) [ [116] ]
}  { cluster distance:
  d(l, p) == 205.271
  l == (size == 13) [ [19] [59] [175] [180] [51] [27] [43] [176] [79] [137] [45] [72] [188] ]
  p == (size == 1) [ [91] ]
}  { cluster distance:
  d(l, p) == 205.211
  l == (size == 11) [ [55] [142] [107] [44] [139] [71] [154] [40] [186] [187] [73] ]
  p == (size == 1) [ [46] ]
}  { cluster distance:
  d(l, p) == 204.931
  l == (size == 12) [ [55] [142] [107] [44] [139] [71] [154] [40] [186] [187] [73] [46] ]
  p == (size == 1) [ [140] ]
}  { cluster distance:
  d(l, p) == 204.615
  l == (size == 14) [ [19] [59] [175] [180] [51] [27] [43] [176] [79] [137] [45] [72] [188] [91] ]
  p == (size == 1) [ [97] ]
}  { cluster distance:
  d(l, p) == 204.362
  l == (size == 13) [ [55] [142] [107] [44] [139] [71] [154] [40] [186] [187] [73] [46] [140] ]
  p == (size == 1) [ [42] ]
}  { cluster distance:
  d(l, p) == 203.747
  l == (size == 15) [ [19] [59] [175] [180] [51] [27] [43] [176] [79] [137] [45] [72] [188] [91] [97] ]
  p == (size == 1) [ [114] ]
}  { cluster distance:
  d(l, p) == 203.594
  l == (size == 14) [ [55] [142] [107] [44] [139] [71] [154] [40] [186] [187] [73] [46] [140] [42] ]
  p == (size == 1) [ [34] ]
}  { cluster distance:
  d(l, p) == 203.506
  l == (size == 1) [ [36] ]
  p == (size == 1) [ [78] ]
}  { cluster distance:
  d(l, p) == 203.247
  l == (size == 16) [ [19] [59] [175] [180] [51] [27] [43] [176] [79] [137] [45] [72] [188] [91] [97] [114] ]
  p == (size == 1) [ [20] ]
}  { cluster distance:
  d(l, p) == 203.038
  l == (size == 15) [ [55] [142] [107] [44] [139] [71] [154] [40] [186] [187] [73] [46] [140] [42] [34] ]
  p == (size == 1) [ [38] ]
}  { cluster distance:
  d(l, p) == 202.792
  l == (size == 16) [ [55] [142] [107] [44] [139] [71] [154] [40] [186] [187] [73] [46] [140] [42] [34] [38] ]
  p == (size == 1) [ [76] ]
}  { cluster distance:
  d(l, p) == 202.697
  l == (size == 2) [ [36] [78] ]
  p == (size == 1) [ [82] ]
}  { cluster distance:
  d(l, p) == 202.577
  l == (size == 3) [ [36] [78] [82] ]
  p == (size == 1) [ [171] ]
}  { cluster distance:
  d(l, p) == 202.345
  l == (size == 17) [ [55] [142] [107] [44] [139] [71] [154] [40] [186] [187] [73] [46] [140] [42] [34] [38] [76] ]
  p == (size == 1) [ [105] ]
}  { cluster distance:
  d(l, p) == 201.852
  l == (size == 18) [ [55] [142] [107] [44] [139] [71] [154] [40] [186] [187] [73] [46] [140] [42] [34] [38] [76] [105] ]
  p == (size == 1) [ [28] ]
}  { cluster distance:
  d(l, p) == 201.56
  l == (size == 17) [ [19] [59] [175] [180] [51] [27] [43] [176] [79] [137] [45] [72] [188] [91] [97] [114] [20] ]
  p == (size == 1) [ [179] ]
}  { cluster distance:
  d(l, p) == 201.009
  l == (size == 9) [ [57] [2] [149] [195] [157] [94] [189] [18] [116] ]
  p == (size == 19) [ [55] [142] [107] [44] [139] [71] [154] [40] [186] [187] [73] [46] [140] [42] [34] [38] [76] [105] [28] ]
}  { cluster distance:
  d(l, p) == 200.854
  l == (size == 28) [ [57] [2] [149] [195] [157] [94] [189] [18] [116] [55] [142] [107] [44] [139] [71] [154] [40] [186] [187] [73] [46] [140] [42] [34] [38] [76] [105] [28] ]
  p == (size == 1) [ [185] ]
}  { cluster distance:
  d(l, p) == 200.794
  l == (size == 29) [ [57] [2] [149] [195] [157] [94] [189] [18] [116] [55] [142] [107] [44] [139] [71] [154] [40] [186] [187] [73] [46] [140] [42] [34] [38] [76] [105] [28] [185] ]
  p == (size == 1) [ [165] ]
}  { cluster distance:
  d(l, p) == 200.639
  l == (size == 4) [ [36] [78] [82] [171] ]
  p == (size == 1) [ [198] ]
}  { cluster distance:
  d(l, p) == 200.601
  l == (size == 30) [ [57] [2] [149] [195] [157] [94] [189] [18] [116] [55] [142] [107] [44] [139] [71] [154] [40] [186] [187] [73] [46] [140] [42] [34] [38] [76] [105] [28] [185] [165] ]
  p == (size == 1) [ [121] ]
}  { cluster distance:
  d(l, p) == 200.297
  l == (size == 31) [ [57] [2] [149] [195] [157] [94] [189] [18] [116] [55] [142] [107] [44] [139] [71] [154] [40] [186] [187] [73] [46] [140] [42] [34] [38] [76] [105] [28] [185] [165] [121] ]
  p == (size == 1) [ [48] ]
}  { cluster distance:
  d(l, p) == 200.223
  l == (size == 32) [ [57] [2] [149] [195] [157] [94] [189] [18] [116] [55] [142] [107] [44] [139] [71] [154] [40] [186] [187] [73] [46] [140] [42] [34] [38] [76] [105] [28] [185] [165] [121] [48] ]
  p == (size == 1) [ [146] ]
}  { cluster distance:
  d(l, p) == 200.068
  l == (size == 33) [ [57] [2] [149] [195] [157] [94] [189] [18] [116] [55] [142] [107] [44] [139] [71] [154] [40] [186] [187] [73] [46] [140] [42] [34] [38] [76] [105] [28] [185] [165] [121] [48] [146] ]
  p == (size == 1) [ [117] ]
}  { cluster distance:
  d(l, p) == 199.686
  l == (size == 18) [ [19] [59] [175] [180] [51] [27] [43] [176] [79] [137] [45] [72] [188] [91] [97] [114] [20] [179] ]
  p == (size == 1) [ [5] ]
}  { cluster distance:
  d(l, p) == 199.487
  l == (size == 34) [ [57] [2] [149] [195] [157] [94] [189] [18] [116] [55] [142] [107] [44] [139] [71] [154] [40] [186] [187] [73] [46] [140] [42] [34] [38] [76] [105] [28] [185] [165] [121] [48] [146] [117] ]
  p == (size == 1) [ [14] ]
}  { cluster distance:
  d(l, p) == 199.424
  l == (size == 35) [ [57] [2] [149] [195] [157] [94] [189] [18] [116] [55] [142] [107] [44] [139] [71] [154] [40] [186] [187] [73] [46] [140] [42] [34] [38] [76] [105] [28] [185] [165] [121] [48] [146] [117] [14] ]
  p == (size == 1) [ [101] ]
}  { cluster distance:
  d(l, p) == 199.305
  l == (size == 19) [ [19] [59] [175] [180] [51] [27] [43] [176] [79] [137] [45] [72] [188] [91] [97] [114] [20] [179] [5] ]
  p == (size == 1) [ [138] ]
}  { cluster distance:
  d(l, p) == 199.16
  l == (size == 36) [ [57] [2] [149] [195] [157] [94] [189] [18] [116] [55] [142] [107] [44] [139] [71] [154] [40] [186] [187] [73] [46] [140] [42] [34] [38] [76] [105] [28] [185] [165] [121] [48] [146] [117] [14] [101] ]
  p == (size == 1) [ [41] ]
}  { cluster distance:
  d(l, p) == 199.091
  l == (size == 37) [ [57] [2] [149] [195] [157] [94] [189] [18] [116] [55] [142] [107] [44] [139] [71] [154] [40] [186] [187] [73] [46] [140] [42] [34] [38] [76] [105] [28] [185] [165] [121] [48] [146] [117] [14] [101] [41] ]
  p == (size == 1) [ [183] ]
}  { cluster distance:
  d(l, p) == 199.075
  l == (size == 38) [ [57] [2] [149] [195] [157] [94] [189] [18] [116] [55] [142] [107] [44] [139] [71] [154] [40] [186] [187] [73] [46] [140] [42] [34] [38] [76] [105] [28] [185] [165] [121] [48] [146] [117] [14] [101] [41] [183] ]
  p == (size == 1) [ [170] ]
}  { cluster distance:
  d(l, p) == 199.029
  l == (size == 39) [ [57] [2] [149] [195] [157] [94] [189] [18] [116] [55] [142] [107] [44] [139] [71] [154] [40] [186] [187] [73] [46] [140] [42] [34] [38] [76] [105] [28] [185] [165] [121] [48] [146] [117] [14] [101] [41] [183] [170] ]
  p == (size == 1) [ [192] ]
}  { cluster distance:
  d(l, p) == 199.002
  l == (size == 5) [ [36] [78] [82] [171] [198] ]
  p == (size == 1) [ [167] ]
}  { cluster distance:
  d(l, p) == 198.994
  l == (size == 20) [ [19] [59] [175] [180] [51] [27] [43] [176] [79] [137] [45] [72] [188] [91] [97] [114] [20] [179] [5] [138] ]
  p == (size == 1) [ [62] ]
}  { cluster distance:
  d(l, p) == 198.595
  l == (size == 21) [ [19] [59] [175] [180] [51] [27] [43] [176] [79] [137] [45] [72] [188] [91] [97] [114] [20] [179] [5] [138] [62] ]
  p == (size == 1) [ [151] ]
}  { cluster distance:
  d(l, p) == 198.257
  l == (size == 1) [ [47] ]
  p == (size == 6) [ [36] [78] [82] [171] [198] [167] ]
}  { cluster distance:
  d(l, p) == 198.115
  l == (size == 22) [ [19] [59] [175] [180] [51] [27] [43] [176] [79] [137] [45] [72] [188] [91] [97] [114] [20] [179] [5] [138] [62] [151] ]
  p == (size == 1) [ [129] ]
}  { cluster distance:
  d(l, p) == 197.916
  l == (size == 40) [ [57] [2] [149] [195] [157] [94] [189] [18] [116] [55] [142] [107] [44] [139] [71] [154] [40] [186] [187] [73] [46] [140] [42] [34] [38] [76] [105] [28] [185] [165] [121] [48] [146] [117] [14] [101] [41] [183] [170] [192] ]
  p == (size == 1) [ [39] ]
}  { cluster distance:
  d(l, p) == 197.881
  l == (size == 23) [ [19] [59] [175] [180] [51] [27] [43] [176] [79] [137] [45] [72] [188] [91] [97] [114] [20] [179] [5] [138] [62] [151] [129] ]
  p == (size == 1) [ [74] ]
}  { cluster distance:
  d(l, p) == 197.77
  l == (size == 7) [ [47] [36] [78] [82] [171] [198] [167] ]
  p == (size == 1) [ [92] ]
}  { cluster distance:
  d(l, p) == 197.757
  l == (size == 41) [ [57] [2] [149] [195] [157] [94] [189] [18] [116] [55] [142] [107] [44] [139] [71] [154] [40] [186] [187] [73] [46] [140] [42] [34] [38] [76] [105] [28] [185] [165] [121] [48] [146] [117] [14] [101] [41] [183] [170] [192] [39] ]
  p == (size == 1) [ [113] ]
}  { cluster distance:
  d(l, p) == 197.505
  l == (size == 24) [ [19] [59] [175] [180] [51] [27] [43] [176] [79] [137] [45] [72] [188] [91] [97] [114] [20] [179] [5] [138] [62] [151] [129] [74] ]
  p == (size == 1) [ [75] ]
}  { cluster distance:
  d(l, p) == 197.48
  l == (size == 25) [ [19] [59] [175] [180] [51] [27] [43] [176] [79] [137] [45] [72] [188] [91] [97] [114] [20] [179] [5] [138] [62] [151] [129] [74] [75] ]
  p == (size == 1) [ [172] ]
}  { cluster distance:
  d(l, p) == 197.328
  l == (size == 26) [ [19] [59] [175] [180] [51] [27] [43] [176] [79] [137] [45] [72] [188] [91] [97] [114] [20] [179] [5] [138] [62] [151] [129] [74] [75] [172] ]
  p == (size == 1) [ [112] ]
}  { cluster distance:
  d(l, p) == 197.215
  l == (size == 42) [ [57] [2] [149] [195] [157] [94] [189] [18] [116] [55] [142] [107] [44] [139] [71] [154] [40] [186] [187] [73] [46] [140] [42] [34] [38] [76] [105] [28] [185] [165] [121] [48] [146] [117] [14] [101] [41] [183] [170] [192] [39] [113] ]
  p == (size == 1) [ [30] ]
}  { cluster distance:
  d(l, p) == 197.172
  l == (size == 43) [ [57] [2] [149] [195] [157] [94] [189] [18] [116] [55] [142] [107] [44] [139] [71] [154] [40] [186] [187] [73] [46] [140] [42] [34] [38] [76] [105] [28] [185] [165] [121] [48] [146] [117] [14] [101] [41] [183] [170] [192] [39] [113] [30] ]
  p == (size == 1) [ [162] ]
}  { cluster distance:
  d(l, p) == 197.131
  l == (size == 44) [ [57] [2] [149] [195] [157] [94] [189] [18] [116] [55] [142] [107] [44] [139] [71] [154] [40] [186] [187] [73] [46] [140] [42] [34] [38] [76] [105] [28] [185] [165] [121] [48] [146] [117] [14] [101] [41] [183] [170] [192] [39] [113] [30] [162] ]
  p == (size == 1) [ [89] ]
}  { cluster distance:
  d(l, p) == 197.036
  l == (size == 27) [ [19] [59] [175] [180] [51] [27] [43] [176] [79] [137] [45] [72] [188] [91] [97] [114] [20] [179] [5] [138] [62] [151] [129] [74] [75] [172] [112] ]
  p == (size == 1) [ [96] ]
}  { cluster distance:
  d(l, p) == 196.886
  l == (size == 45) [ [57] [2] [149] [195] [157] [94] [189] [18] [116] [55] [142] [107] [44] [139] [71] [154] [40] [186] [187] [73] [46] [140] [42] [34] [38] [76] [105] [28] [185] [165] [121] [48] [146] [117] [14] [101] [41] [183] [170] [192] [39] [113] [30] [162] [89] ]
  p == (size == 1) [ [160] ]
}  { cluster distance:
  d(l, p) == 196.884
  l == (size == 46) [ [57] [2] [149] [195] [157] [94] [189] [18] [116] [55] [142] [107] [44] [139] [71] [154] [40] [186] [187] [73] [46] [140] [42] [34] [38] [76] [105] [28] [185] [165] [121] [48] [146] [117] [14] [101] [41] [183] [170] [192] [39] [113] [30] [162] [89] [160] ]
  p == (size == 1) [ [37] ]
}  { cluster distance:
  d(l, p) == 196.87
  l == (size == 47) [ [57] [2] [149] [195] [157] [94] [189] [18] [116] [55] [142] [107] [44] [139] [71] [154] [40] [186] [187] [73] [46] [140] [42] [34] [38] [76] [105] [28] [185] [165] [121] [48] [146] [117] [14] [101] [41] [183] [170] [192] [39] [113] [30] [162] [89] [160] [37] ]
  p == (size == 1) [ [50] ]
}  { cluster distance:
  d(l, p) == 196.679
  l == (size == 48) [ [57] [2] [149] [195] [157] [94] [189] [18] [116] [55] [142] [107] [44] [139] [71] [154] [40] [186] [187] [73] [46] [140] [42] [34] [38] [76] [105] [28] [185] [165] [121] [48] [146] [117] [14] [101] [41] [183] [170] [192] [39] [113] [30] [162] [89] [160] [37] [50] ]
  p == (size == 1) [ [190] ]
}  { cluster distance:
  d(l, p) == 196.668
  l == (size == 28) [ [19] [59] [175] [180] [51] [27] [43] [176] [79] [137] [45] [72] [188] [91] [97] [114] [20] [179] [5] [138] [62] [151] [129] [74] [75] [172] [112] [96] ]
  p == (size == 1) [ [143] ]
}  { cluster distance:
  d(l, p) == 196.481
  l == (size == 29) [ [19] [59] [175] [180] [51] [27] [43] [176] [79] [137] [45] [72] [188] [91] [97] [114] [20] [179] [5] [138] [62] [151] [129] [74] [75] [172] [112] [96] [143] ]
  p == (size == 1) [ [80] ]
}  { cluster distance:
  d(l, p) == 196.408
  l == (size == 30) [ [19] [59] [175] [180] [51] [27] [43] [176] [79] [137] [45] [72] [188] [91] [97] [114] [20] [179] [5] [138] [62] [151] [129] [74] [75] [172] [112] [96] [143] [80] ]
  p == (size == 1) [ [12] ]
}  { cluster distance:
  d(l, p) == 196.25
  l == (size == 49) [ [57] [2] [149] [195] [157] [94] [189] [18] [116] [55] [142] [107] [44] [139] [71] [154] [40] [186] [187] [73] [46] [140] [42] [34] [38] [76] [105] [28] [185] [165] [121] [48] [146] [117] [14] [101] [41] [183] [170] [192] [39] [113] [30] [162] [89] [160] [37] [50] [190] ]
  p == (size == 1) [ [150] ]
}  { cluster distance:
  d(l, p) == 196.227
  l == (size == 1) [ [11] ]
  p == (size == 8) [ [47] [36] [78] [82] [171] [198] [167] [92] ]
}  { cluster distance:
  d(l, p) == 196.187
  l == (size == 31) [ [19] [59] [175] [180] [51] [27] [43] [176] [79] [137] [45] [72] [188] [91] [97] [114] [20] [179] [5] [138] [62] [151] [129] [74] [75] [172] [112] [96] [143] [80] [12] ]
  p == (size == 1) [ [134] ]
}  { cluster distance:
  d(l, p) == 196.183
  l == (size == 32) [ [19] [59] [175] [180] [51] [27] [43] [176] [79] [137] [45] [72] [188] [91] [97] [114] [20] [179] [5] [138] [62] [151] [129] [74] [75] [172] [112] [96] [143] [80] [12] [134] ]
  p == (size == 1) [ [7] ]
}  { cluster distance:
  d(l, p) == 195.328
  l == (size == 50) [ [57] [2] [149] [195] [157] [94] [189] [18] [116] [55] [142] [107] [44] [139] [71] [154] [40] [186] [187] [73] [46] [140] [42] [34] [38] [76] [105] [28] [185] [165] [121] [48] [146] [117] [14] [101] [41] [183] [170] [192] [39] [113] [30] [162] [89] [160] [37] [50] [190] [150] ]
  p == (size == 1) [ [13] ]
}  { cluster distance:
  d(l, p) == 195.318
  l == (size == 51) [ [57] [2] [149] [195] [157] [94] [189] [18] [116] [55] [142] [107] [44] [139] [71] [154] [40] [186] [187] [73] [46] [140] [42] [34] [38] [76] [105] [28] [185] [165] [121] [48] [146] [117] [14] [101] [41] [183] [170] [192] [39] [113] [30] [162] [89] [160] [37] [50] [190] [150] [13] ]
  p == (size == 1) [ [197] ]
}  { cluster distance:
  d(l, p) == 195.149
  l == (size == 9) [ [11] [47] [36] [78] [82] [171] [198] [167] [92] ]
  p == (size == 1) [ [98] ]
}  { cluster distance:
  d(l, p) == 194.992
  l == (size == 52) [ [57] [2] [149] [195] [157] [94] [189] [18] [116] [55] [142] [107] [44] [139] [71] [154] [40] [186] [187] [73] [46] [140] [42] [34] [38] [76] [105] [28] [185] [165] [121] [48] [146] [117] [14] [101] [41] [183] [170] [192] [39] [113] [30] [162] [89] [160] [37] [50] [190] [150] [13] [197] ]
  p == (size == 1) [ [9] ]
}  { cluster distance:
  d(l, p) == 194.918
  l == (size == 10) [ [11] [47] [36] [78] [82] [171] [198] [167] [92] [98] ]
  p == (size == 1) [ [173] ]
}  { cluster distance:
  d(l, p) == 194.881
  l == (size == 53) [ [57] [2] [149] [195] [157] [94] [189] [18] [116] [55] [142] [107] [44] [139] [71] [154] [40] [186] [187] [73] [46] [140] [42] [34] [38] [76] [105] [28] [185] [165] [121] [48] [146] [117] [14] [101] [41] [183] [170] [192] [39] [113] [30] [162] [89] [160] [37] [50] [190] [150] [13] [197] [9] ]
  p == (size == 1) [ [199] ]
}  { cluster distance:
  d(l, p) == 194.515
  l == (size == 33) [ [19] [59] [175] [180] [51] [27] [43] [176] [79] [137] [45] [72] [188] [91] [97] [114] [20] [179] [5] [138] [62] [151] [129] [74] [75] [172] [112] [96] [143] [80] [12] [134] [7] ]
  p == (size == 1) [ [120] ]
}  { cluster distance:
  d(l, p) == 194.358
  l == (size == 34) [ [19] [59] [175] [180] [51] [27] [43] [176] [79] [137] [45] [72] [188] [91] [97] [114] [20] [179] [5] [138] [62] [151] [129] [74] [75] [172] [112] [96] [143] [80] [12] [134] [7] [120] ]
  p == (size == 1) [ [99] ]
}  { cluster distance:
  d(l, p) == 194.327
  l == (size == 54) [ [57] [2] [149] [195] [157] [94] [189] [18] [116] [55] [142] [107] [44] [139] [71] [154] [40] [186] [187] [73] [46] [140] [42] [34] [38] [76] [105] [28] [185] [165] [121] [48] [146] [117] [14] [101] [41] [183] [170] [192] [39] [113] [30] [162] [89] [160] [37] [50] [190] [150] [13] [197] [9] [199] ]
  p == (size == 1) [ [191] ]
}  { cluster distance:
  d(l, p) == 194.107
  l == (size == 55) [ [57] [2] [149] [195] [157] [94] [189] [18] [116] [55] [142] [107] [44] [139] [71] [154] [40] [186] [187] [73] [46] [140] [42] [34] [38] [76] [105] [28] [185] [165] [121] [48] [146] [117] [14] [101] [41] [183] [170] [192] [39] [113] [30] [162] [89] [160] [37] [50] [190] [150] [13] [197] [9] [199] [191] ]
  p == (size == 1) [ [60] ]
}  { cluster distance:
  d(l, p) == 194.059
  l == (size == 56) [ [57] [2] [149] [195] [157] [94] [189] [18] [116] [55] [142] [107] [44] [139] [71] [154] [40] [186] [187] [73] [46] [140] [42] [34] [38] [76] [105] [28] [185] [165] [121] [48] [146] [117] [14] [101] [41] [183] [170] [192] [39] [113] [30] [162] [89] [160] [37] [50] [190] [150] [13] [197] [9] [199] [191] [60] ]
  p == (size == 1) [ [115] ]
}  { cluster distance:
  d(l, p) == 194.023
  l == (size == 11) [ [11] [47] [36] [78] [82] [171] [198] [167] [92] [98] [173] ]
  p == (size == 1) [ [119] ]
}  { cluster distance:
  d(l, p) == 193.942
  l == (size == 57) [ [57] [2] [149] [195] [157] [94] [189] [18] [116] [55] [142] [107] [44] [139] [71] [154] [40] [186] [187] [73] [46] [140] [42] [34] [38] [76] [105] [28] [185] [165] [121] [48] [146] [117] [14] [101] [41] [183] [170] [192] [39] [113] [30] [162] [89] [160] [37] [50] [190] [150] [13] [197] [9] [199] [191] [60] [115] ]
  p == (size == 1) [ [178] ]
}  { cluster distance:
  d(l, p) == 193.847
  l == (size == 58) [ [57] [2] [149] [195] [157] [94] [189] [18] [116] [55] [142] [107] [44] [139] [71] [154] [40] [186] [187] [73] [46] [140] [42] [34] [38] [76] [105] [28] [185] [165] [121] [48] [146] [117] [14] [101] [41] [183] [170] [192] [39] [113] [30] [162] [89] [160] [37] [50] [190] [150] [13] [197] [9] [199] [191] [60] [115] [178] ]
  p == (size == 1) [ [64] ]
}  { cluster distance:
  d(l, p) == 193.843
  l == (size == 35) [ [19] [59] [175] [180] [51] [27] [43] [176] [79] [137] [45] [72] [188] [91] [97] [114] [20] [179] [5] [138] [62] [151] [129] [74] [75] [172] [112] [96] [143] [80] [12] [134] [7] [120] [99] ]
  p == (size == 1) [ [87] ]
}  { cluster distance:
  d(l, p) == 193.756
  l == (size == 12) [ [11] [47] [36] [78] [82] [171] [198] [167] [92] [98] [173] [119] ]
  p == (size == 1) [ [17] ]
}  { cluster distance:
  d(l, p) == 193.431
  l == (size == 59) [ [57] [2] [149] [195] [157] [94] [189] [18] [116] [55] [142] [107] [44] [139] [71] [154] [40] [186] [187] [73] [46] [140] [42] [34] [38] [76] [105] [28] [185] [165] [121] [48] [146] [117] [14] [101] [41] [183] [170] [192] [39] [113] [30] [162] [89] [160] [37] [50] [190] [150] [13] [197] [9] [199] [191] [60] [115] [178] [64] ]
  p == (size == 1) [ [67] ]
}  { cluster distance:
  d(l, p) == 193.412
  l == (size == 60) [ [57] [2] [149] [195] [157] [94] [189] [18] [116] [55] [142] [107] [44] [139] [71] [154] [40] [186] [187] [73] [46] [140] [42] [34] [38] [76] [105] [28] [185] [165] [121] [48] [146] [117] [14] [101] [41] [183] [170] [192] [39] [113] [30] [162] [89] [160] [37] [50] [190] [150] [13] [197] [9] [199] [191] [60] [115] [178] [64] [67] ]
  p == (size == 1) [ [22] ]
}  { cluster distance:
  d(l, p) == 193.259
  l == (size == 13) [ [11] [47] [36] [78] [82] [171] [198] [167] [92] [98] [173] [119] [17] ]
  p == (size == 1) [ [84] ]
}  { cluster distance:
  d(l, p) == 193.193
  l == (size == 14) [ [11] [47] [36] [78] [82] [171] [198] [167] [92] [98] [173] [119] [17] [84] ]
  p == (size == 1) [ [90] ]
}  { cluster distance:
  d(l, p) == 193.106
  l == (size == 61) [ [57] [2] [149] [195] [157] [94] [189] [18] [116] [55] [142] [107] [44] [139] [71] [154] [40] [186] [187] [73] [46] [140] [42] [34] [38] [76] [105] [28] [185] [165] [121] [48] [146] [117] [14] [101] [41] [183] [170] [192] [39] [113] [30] [162] [89] [160] [37] [50] [190] [150] [13] [197] [9] [199] [191] [60] [115] [178] [64] [67] [22] ]
  p == (size == 1) [ [184] ]
}  { cluster distance:
  d(l, p) == 193.062
  l == (size == 62) [ [57] [2] [149] [195] [157] [94] [189] [18] [116] [55] [142] [107] [44] [139] [71] [154] [40] [186] [187] [73] [46] [140] [42] [34] [38] [76] [105] [28] [185] [165] [121] [48] [146] [117] [14] [101] [41] [183] [170] [192] [39] [113] [30] [162] [89] [160] [37] [50] [190] [150] [13] [197] [9] [199] [191] [60] [115] [178] [64] [67] [22] [184] ]
  p == (size == 1) [ [81] ]
}  { cluster distance:
  d(l, p) == 192.898
  l == (size == 15) [ [11] [47] [36] [78] [82] [171] [198] [167] [92] [98] [173] [119] [17] [84] [90] ]
  p == (size == 1) [ [153] ]
}  { cluster distance:
  d(l, p) == 192.364
  l == (size == 63) [ [57] [2] [149] [195] [157] [94] [189] [18] [116] [55] [142] [107] [44] [139] [71] [154] [40] [186] [187] [73] [46] [140] [42] [34] [38] [76] [105] [28] [185] [165] [121] [48] [146] [117] [14] [101] [41] [183] [170] [192] [39] [113] [30] [162] [89] [160] [37] [50] [190] [150] [13] [197] [9] [199] [191] [60] [115] [178] [64] [67] [22] [184] [81] ]
  p == (size == 1) [ [6] ]
}  { cluster distance:
  d(l, p) == 192.215
  l == (size == 64) [ [57] [2] [149] [195] [157] [94] [189] [18] [116] [55] [142] [107] [44] [139] [71] [154] [40] [186] [187] [73] [46] [140] [42] [34] [38] [76] [105] [28] [185] [165] [121] [48] [146] [117] [14] [101] [41] [183] [170] [192] [39] [113] [30] [162] [89] [160] [37] [50] [190] [150] [13] [197] [9] [199] [191] [60] [115] [178] [64] [67] [22] [184] [81] [6] ]
  p == (size == 1) [ [52] ]
}  { cluster distance:
  d(l, p) == 192.199
  l == (size == 65) [ [57] [2] [149] [195] [157] [94] [189] [18] [116] [55] [142] [107] [44] [139] [71] [154] [40] [186] [187] [73] [46] [140] [42] [34] [38] [76] [105] [28] [185] [165] [121] [48] [146] [117] [14] [101] [41] [183] [170] [192] [39] [113] [30] [162] [89] [160] [37] [50] [190] [150] [13] [197] [9] [199] [191] [60] [115] [178] [64] [67] [22] [184] [81] [6] [52] ]
  p == (size == 1) [ [106] ]
}  { cluster distance:
  d(l, p) == 192.003
  l == (size == 66) [ [57] [2] [149] [195] [157] [94] [189] [18] [116] [55] [142] [107] [44] [139] [71] [154] [40] [186] [187] [73] [46] [140] [42] [34] [38] [76] [105] [28] [185] [165] [121] [48] [146] [117] [14] [101] [41] [183] [170] [192] [39] [113] [30] [162] [89] [160] [37] [50] [190] [150] [13] [197] [9] [199] [191] [60] [115] [178] [64] [67] [22] [184] [81] [6] [52] [106] ]
  p == (size == 1) [ [133] ]
}  { cluster distance:
  d(l, p) == 191.917
  l == (size == 67) [ [57] [2] [149] [195] [157] [94] [189] [18] [116] [55] [142] [107] [44] [139] [71] [154] [40] [186] [187] [73] [46] [140] [42] [34] [38] [76] [105] [28] [185] [165] [121] [48] [146] [117] [14] [101] [41] [183] [170] [192] [39] [113] [30] [162] [89] [160] [37] [50] [190] [150] [13] [197] [9] [199] [191] [60] [115] [178] [64] [67] [22] [184] [81] [6] [52] [106] [133] ]
  p == (size == 1) [ [136] ]
}  { cluster distance:
  d(l, p) == 191.764
  l == (size == 68) [ [57] [2] [149] [195] [157] [94] [189] [18] [116] [55] [142] [107] [44] [139] [71] [154] [40] [186] [187] [73] [46] [140] [42] [34] [38] [76] [105] [28] [185] [165] [121] [48] [146] [117] [14] [101] [41] [183] [170] [192] [39] [113] [30] [162] [89] [160] [37] [50] [190] [150] [13] [197] [9] [199] [191] [60] [115] [178] [64] [67] [22] [184] [81] [6] [52] [106] [133] [136] ]
  p == (size == 1) [ [16] ]
}  { cluster distance:
  d(l, p) == 191.333
  l == (size == 69) [ [57] [2] [149] [195] [157] [94] [189] [18] [116] [55] [142] [107] [44] [139] [71] [154] [40] [186] [187] [73] [46] [140] [42] [34] [38] [76] [105] [28] [185] [165] [121] [48] [146] [117] [14] [101] [41] [183] [170] [192] [39] [113] [30] [162] [89] [160] [37] [50] [190] [150] [13] [197] [9] [199] [191] [60] [115] [178] [64] [67] [22] [184] [81] [6] [52] [106] [133] [136] [16] ]
  p == (size == 1) [ [163] ]
}  { cluster distance:
  d(l, p) == 190.784
  l == (size == 70) [ [57] [2] [149] [195] [157] [94] [189] [18] [116] [55] [142] [107] [44] [139] [71] [154] [40] [186] [187] [73] [46] [140] [42] [34] [38] [76] [105] [28] [185] [165] [121] [48] [146] [117] [14] [101] [41] [183] [170] [192] [39] [113] [30] [162] [89] [160] [37] [50] [190] [150] [13] [197] [9] [199] [191] [60] [115] [178] [64] [67] [22] [184] [81] [6] [52] [106] [133] [136] [16] [163] ]
  p == (size == 36) [ [19] [59] [175] [180] [51] [27] [43] [176] [79] [137] [45] [72] [188] [91] [97] [114] [20] [179] [5] [138] [62] [151] [129] [74] [75] [172] [112] [96] [143] [80] [12] [134] [7] [120] [99] [87] ]
}  { cluster distance:
  d(l, p) == 190.631
  l == (size == 106) [ [57] [2] [149] [195] [157] [94] [189] [18] [116] [55] [142] [107] [44] [139] [71] [154] [40] [186] [187] [73] [46] [140] [42] [34] [38] [76] [105] [28] [185] [165] [121] [48] [146] [117] [14] [101] [41] [183] [170] [192] [39] [113] [30] [162] [89] [160] [37] [50] [190] [150] [13] [197] [9] [199] [191] [60] [115] [178] [64] [67] [22] [184] [81] [6] [52] [106] [133] [136] [16] [163] [19] [59] [175] [180] [51] [27] [43] [176] [79] [137] [45] [72] [188] [91] [97] [114] [20] [179] [5] [138] [62] [151] [129] [74] [75] [172] [112] [96] [143] [80] [12] [134] [7] [120] [99] [87] ]
  p == (size == 1) [ [193] ]
}  { cluster distance:
  d(l, p) == 190.611
  l == (size == 1) [ [147] ]
  p == (size == 16) [ [11] [47] [36] [78] [82] [171] [198] [167] [92] [98] [173] [119] [17] [84] [90] [153] ]
}  { cluster distance:
  d(l, p) == 190.58
  l == (size == 107) [ [57] [2] [149] [195] [157] [94] [189] [18] [116] [55] [142] [107] [44] [139] [71] [154] [40] [186] [187] [73] [46] [140] [42] [34] [38] [76] [105] [28] [185] [165] [121] [48] [146] [117] [14] [101] [41] [183] [170] [192] [39] [113] [30] [162] [89] [160] [37] [50] [190] [150] [13] [197] [9] [199] [191] [60] [115] [178] [64] [67] [22] [184] [81] [6] [52] [106] [133] [136] [16] [163] [19] [59] [175] [180] [51] [27] [43] [176] [79] [137] [45] [72] [188] [91] [97] [114] [20] [179] [5] [138] [62] [151] [129] [74] [75] [172] [112] [96] [143] [80] [12] [134] [7] [120] [99] [87] [193] ]
  p == (size == 1) [ [127] ]
}  { cluster distance:
  d(l, p) == 190.579
  l == (size == 108) [ [57] [2] [149] [195] [157] [94] [189] [18] [116] [55] [142] [107] [44] [139] [71] [154] [40] [186] [187] [73] [46] [140] [42] [34] [38] [76] [105] [28] [185] [165] [121] [48] [146] [117] [14] [101] [41] [183] [170] [192] [39] [113] [30] [162] [89] [160] [37] [50] [190] [150] [13] [197] [9] [199] [191] [60] [115] [178] [64] [67] [22] [184] [81] [6] [52] [106] [133] [136] [16] [163] [19] [59] [175] [180] [51] [27] [43] [176] [79] [137] [45] [72] [188] [91] [97] [114] [20] [179] [5] [138] [62] [151] [129] [74] [75] [172] [112] [96] [143] [80] [12] [134] [7] [120] [99] [87] [193] [127] ]
  p == (size == 1) [ [0] ]
}  { cluster distance:
  d(l, p) == 189.799
  l == (size == 109) [ [57] [2] [149] [195] [157] [94] [189] [18] [116] [55] [142] [107] [44] [139] [71] [154] [40] [186] [187] [73] [46] [140] [42] [34] [38] [76] [105] [28] [185] [165] [121] [48] [146] [117] [14] [101] [41] [183] [170] [192] [39] [113] [30] [162] [89] [160] [37] [50] [190] [150] [13] [197] [9] [199] [191] [60] [115] [178] [64] [67] [22] [184] [81] [6] [52] [106] [133] [136] [16] [163] [19] [59] [175] [180] [51] [27] [43] [176] [79] [137] [45] [72] [188] [91] [97] [114] [20] [179] [5] [138] [62] [151] [129] [74] [75] [172] [112] [96] [143] [80] [12] [134] [7] [120] [99] [87] [193] [127] [0] ]
  p == (size == 1) [ [32] ]
}  { cluster distance:
  d(l, p) == 189.559
  l == (size == 110) [ [57] [2] [149] [195] [157] [94] [189] [18] [116] [55] [142] [107] [44] [139] [71] [154] [40] [186] [187] [73] [46] [140] [42] [34] [38] [76] [105] [28] [185] [165] [121] [48] [146] [117] [14] [101] [41] [183] [170] [192] [39] [113] [30] [162] [89] [160] [37] [50] [190] [150] [13] [197] [9] [199] [191] [60] [115] [178] [64] [67] [22] [184] [81] [6] [52] [106] [133] [136] [16] [163] [19] [59] [175] [180] [51] [27] [43] [176] [79] [137] [45] [72] [188] [91] [97] [114] [20] [179] [5] [138] [62] [151] [129] [74] [75] [172] [112] [96] [143] [80] [12] [134] [7] [120] [99] [87] [193] [127] [0] [32] ]
  p == (size == 1) [ [194] ]
}  { cluster distance:
  d(l, p) == 189.43
  l == (size == 111) [ [57] [2] [149] [195] [157] [94] [189] [18] [116] [55] [142] [107] [44] [139] [71] [154] [40] [186] [187] [73] [46] [140] [42] [34] [38] [76] [105] [28] [185] [165] [121] [48] [146] [117] [14] [101] [41] [183] [170] [192] [39] [113] [30] [162] [89] [160] [37] [50] [190] [150] [13] [197] [9] [199] [191] [60] [115] [178] [64] [67] [22] [184] [81] [6] [52] [106] [133] [136] [16] [163] [19] [59] [175] [180] [51] [27] [43] [176] [79] [137] [45] [72] [188] [91] [97] [114] [20] [179] [5] [138] [62] [151] [129] [74] [75] [172] [112] [96] [143] [80] [12] [134] [7] [120] [99] [87] [193] [127] [0] [32] [194] ]
  p == (size == 1) [ [56] ]
}  { cluster distance:
  d(l, p) == 189.297
  l == (size == 112) [ [57] [2] [149] [195] [157] [94] [189] [18] [116] [55] [142] [107] [44] [139] [71] [154] [40] [186] [187] [73] [46] [140] [42] [34] [38] [76] [105] [28] [185] [165] [121] [48] [146] [117] [14] [101] [41] [183] [170] [192] [39] [113] [30] [162] [89] [160] [37] [50] [190] [150] [13] [197] [9] [199] [191] [60] [115] [178] [64] [67] [22] [184] [81] [6] [52] [106] [133] [136] [16] [163] [19] [59] [175] [180] [51] [27] [43] [176] [79] [137] [45] [72] [188] [91] [97] [114] [20] [179] [5] [138] [62] [151] [129] [74] [75] [172] [112] [96] [143] [80] [12] [134] [7] [120] [99] [87] [193] [127] [0] [32] [194] [56] ]
  p == (size == 1) [ [33] ]
}  { cluster distance:
  d(l, p) == 189.263
  l == (size == 17) [ [147] [11] [47] [36] [78] [82] [171] [198] [167] [92] [98] [173] [119] [17] [84] [90] [153] ]
  p == (size == 1) [ [86] ]
}  { cluster distance:
  d(l, p) == 189.21
  l == (size == 113) [ [57] [2] [149] [195] [157] [94] [189] [18] [116] [55] [142] [107] [44] [139] [71] [154] [40] [186] [187] [73] [46] [140] [42] [34] [38] [76] [105] [28] [185] [165] [121] [48] [146] [117] [14] [101] [41] [183] [170] [192] [39] [113] [30] [162] [89] [160] [37] [50] [190] [150] [13] [197] [9] [199] [191] [60] [115] [178] [64] [67] [22] [184] [81] [6] [52] [106] [133] [136] [16] [163] [19] [59] [175] [180] [51] [27] [43] [176] [79] [137] [45] [72] [188] [91] [97] [114] [20] [179] [5] [138] [62] [151] [129] [74] [75] [172] [112] [96] [143] [80] [12] [134] [7] [120] [99] [87] [193] [127] [0] [32] [194] [56] [33] ]
  p == (size == 1) [ [1] ]
}  { cluster distance:
  d(l, p) == 189.147
  l == (size == 114) [ [57] [2] [149] [195] [157] [94] [189] [18] [116] [55] [142] [107] [44] [139] [71] [154] [40] [186] [187] [73] [46] [140] [42] [34] [38] [76] [105] [28] [185] [165] [121] [48] [146] [117] [14] [101] [41] [183] [170] [192] [39] [113] [30] [162] [89] [160] [37] [50] [190] [150] [13] [197] [9] [199] [191] [60] [115] [178] [64] [67] [22] [184] [81] [6] [52] [106] [133] [136] [16] [163] [19] [59] [175] [180] [51] [27] [43] [176] [79] [137] [45] [72] [188] [91] [97] [114] [20] [179] [5] [138] [62] [151] [129] [74] [75] [172] [112] [96] [143] [80] [12] [134] [7] [120] [99] [87] [193] [127] [0] [32] [194] [56] [33] [1] ]
  p == (size == 1) [ [118] ]
}  { cluster distance:
  d(l, p) == 188.985
  l == (size == 115) [ [57] [2] [149] [195] [157] [94] [189] [18] [116] [55] [142] [107] [44] [139] [71] [154] [40] [186] [187] [73] [46] [140] [42] [34] [38] [76] [105] [28] [185] [165] [121] [48] [146] [117] [14] [101] [41] [183] [170] [192] [39] [113] [30] [162] [89] [160] [37] [50] [190] [150] [13] [197] [9] [199] [191] [60] [115] [178] [64] [67] [22] [184] [81] [6] [52] [106] [133] [136] [16] [163] [19] [59] [175] [180] [51] [27] [43] [176] [79] [137] [45] [72] [188] [91] [97] [114] [20] [179] [5] [138] [62] [151] [129] [74] [75] [172] [112] [96] [143] [80] [12] [134] [7] [120] [99] [87] [193] [127] [0] [32] [194] [56] [33] [1] [118] ]
  p == (size == 1) [ [29] ]
}  { cluster distance:
  d(l, p) == 188.543
  l == (size == 18) [ [147] [11] [47] [36] [78] [82] [171] [198] [167] [92] [98] [173] [119] [17] [84] [90] [153] [86] ]
  p == (size == 1) [ [54] ]
}  { cluster distance:
  d(l, p) == 188.5
  l == (size == 116) [ [57] [2] [149] [195] [157] [94] [189] [18] [116] [55] [142] [107] [44] [139] [71] [154] [40] [186] [187] [73] [46] [140] [42] [34] [38] [76] [105] [28] [185] [165] [121] [48] [146] [117] [14] [101] [41] [183] [170] [192] [39] [113] [30] [162] [89] [160] [37] [50] [190] [150] [13] [197] [9] [199] [191] [60] [115] [178] [64] [67] [22] [184] [81] [6] [52] [106] [133] [136] [16] [163] [19] [59] [175] [180] [51] [27] [43] [176] [79] [137] [45] [72] [188] [91] [97] [114] [20] [179] [5] [138] [62] [151] [129] [74] [75] [172] [112] [96] [143] [80] [12] [134] [7] [120] [99] [87] [193] [127] [0] [32] [194] [56] [33] [1] [118] [29] ]
  p == (size == 1) [ [110] ]
}  { cluster distance:
  d(l, p) == 188.375
  l == (size == 117) [ [57] [2] [149] [195] [157] [94] [189] [18] [116] [55] [142] [107] [44] [139] [71] [154] [40] [186] [187] [73] [46] [140] [42] [34] [38] [76] [105] [28] [185] [165] [121] [48] [146] [117] [14] [101] [41] [183] [170] [192] [39] [113] [30] [162] [89] [160] [37] [50] [190] [150] [13] [197] [9] [199] [191] [60] [115] [178] [64] [67] [22] [184] [81] [6] [52] [106] [133] [136] [16] [163] [19] [59] [175] [180] [51] [27] [43] [176] [79] [137] [45] [72] [188] [91] [97] [114] [20] [179] [5] [138] [62] [151] [129] [74] [75] [172] [112] [96] [143] [80] [12] [134] [7] [120] [99] [87] [193] [127] [0] [32] [194] [56] [33] [1] [118] [29] [110] ]
  p == (size == 1) [ [164] ]
}  { cluster distance:
  d(l, p) == 188.304
  l == (size == 118) [ [57] [2] [149] [195] [157] [94] [189] [18] [116] [55] [142] [107] [44] [139] [71] [154] [40] [186] [187] [73] [46] [140] [42] [34] [38] [76] [105] [28] [185] [165] [121] [48] [146] [117] [14] [101] [41] [183] [170] [192] [39] [113] [30] [162] [89] [160] [37] [50] [190] [150] [13] [197] [9] [199] [191] [60] [115] [178] [64] [67] [22] [184] [81] [6] [52] [106] [133] [136] [16] [163] [19] [59] [175] [180] [51] [27] [43] [176] [79] [137] [45] [72] [188] [91] [97] [114] [20] [179] [5] [138] [62] [151] [129] [74] [75] [172] [112] [96] [143] [80] [12] [134] [7] [120] [99] [87] [193] [127] [0] [32] [194] [56] [33] [1] [118] [29] [110] [164] ]
  p == (size == 1) [ [83] ]
}  { cluster distance:
  d(l, p) == 188.25
  l == (size == 119) [ [57] [2] [149] [195] [157] [94] [189] [18] [116] [55] [142] [107] [44] [139] [71] [154] [40] [186] [187] [73] [46] [140] [42] [34] [38] [76] [105] [28] [185] [165] [121] [48] [146] [117] [14] [101] [41] [183] [170] [192] [39] [113] [30] [162] [89] [160] [37] [50] [190] [150] [13] [197] [9] [199] [191] [60] [115] [178] [64] [67] [22] [184] [81] [6] [52] [106] [133] [136] [16] [163] [19] [59] [175] [180] [51] [27] [43] [176] [79] [137] [45] [72] [188] [91] [97] [114] [20] [179] [5] [138] [62] [151] [129] [74] [75] [172] [112] [96] [143] [80] [12] [134] [7] [120] [99] [87] [193] [127] [0] [32] [194] [56] [33] [1] [118] [29] [110] [164] [83] ]
  p == (size == 1) [ [196] ]
}  { cluster distance:
  d(l, p) == 188.181
  l == (size == 120) [ [57] [2] [149] [195] [157] [94] [189] [18] [116] [55] [142] [107] [44] [139] [71] [154] [40] [186] [187] [73] [46] [140] [42] [34] [38] [76] [105] [28] [185] [165] [121] [48] [146] [117] [14] [101] [41] [183] [170] [192] [39] [113] [30] [162] [89] [160] [37] [50] [190] [150] [13] [197] [9] [199] [191] [60] [115] [178] [64] [67] [22] [184] [81] [6] [52] [106] [133] [136] [16] [163] [19] [59] [175] [180] [51] [27] [43] [176] [79] [137] [45] [72] [188] [91] [97] [114] [20] [179] [5] [138] [62] [151] [129] [74] [75] [172] [112] [96] [143] [80] [12] [134] [7] [120] [99] [87] [193] [127] [0] [32] [194] [56] [33] [1] [118] [29] [110] [164] [83] [196] ]
  p == (size == 1) [ [104] ]
}  { cluster distance:
  d(l, p) == 188.079
  l == (size == 121) [ [57] [2] [149] [195] [157] [94] [189] [18] [116] [55] [142] [107] [44] [139] [71] [154] [40] [186] [187] [73] [46] [140] [42] [34] [38] [76] [105] [28] [185] [165] [121] [48] [146] [117] [14] [101] [41] [183] [170] [192] [39] [113] [30] [162] [89] [160] [37] [50] [190] [150] [13] [197] [9] [199] [191] [60] [115] [178] [64] [67] [22] [184] [81] [6] [52] [106] [133] [136] [16] [163] [19] [59] [175] [180] [51] [27] [43] [176] [79] [137] [45] [72] [188] [91] [97] [114] [20] [179] [5] [138] [62] [151] [129] [74] [75] [172] [112] [96] [143] [80] [12] [134] [7] [120] [99] [87] [193] [127] [0] [32] [194] [56] [33] [1] [118] [29] [110] [164] [83] [196] [104] ]
  p == (size == 1) [ [152] ]
}  { cluster distance:
  d(l, p) == 187.68
  l == (size == 19) [ [147] [11] [47] [36] [78] [82] [171] [198] [167] [92] [98] [173] [119] [17] [84] [90] [153] [86] [54] ]
  p == (size == 1) [ [61] ]
}  { cluster distance:
  d(l, p) == 187.569
  l == (size == 20) [ [147] [11] [47] [36] [78] [82] [171] [198] [167] [92] [98] [173] [119] [17] [84] [90] [153] [86] [54] [61] ]
  p == (size == 1) [ [8] ]
}  { cluster distance:
  d(l, p) == 187.244
  l == (size == 21) [ [147] [11] [47] [36] [78] [82] [171] [198] [167] [92] [98] [173] [119] [17] [84] [90] [153] [86] [54] [61] [8] ]
  p == (size == 1) [ [21] ]
}  { cluster distance:
  d(l, p) == 187.095
  l == (size == 122) [ [57] [2] [149] [195] [157] [94] [189] [18] [116] [55] [142] [107] [44] [139] [71] [154] [40] [186] [187] [73] [46] [140] [42] [34] [38] [76] [105] [28] [185] [165] [121] [48] [146] [117] [14] [101] [41] [183] [170] [192] [39] [113] [30] [162] [89] [160] [37] [50] [190] [150] [13] [197] [9] [199] [191] [60] [115] [178] [64] [67] [22] [184] [81] [6] [52] [106] [133] [136] [16] [163] [19] [59] [175] [180] [51] [27] [43] [176] [79] [137] [45] [72] [188] [91] [97] [114] [20] [179] [5] [138] [62] [151] [129] [74] [75] [172] [112] [96] [143] [80] [12] [134] [7] [120] [99] [87] [193] [127] [0] [32] [194] [56] [33] [1] [118] [29] [110] [164] [83] [196] [104] [152] ]
  p == (size == 1) [ [126] ]
}  { cluster distance:
  d(l, p) == 187.077
  l == (size == 123) [ [57] [2] [149] [195] [157] [94] [189] [18] [116] [55] [142] [107] [44] [139] [71] [154] [40] [186] [187] [73] [46] [140] [42] [34] [38] [76] [105] [28] [185] [165] [121] [48] [146] [117] [14] [101] [41] [183] [170] [192] [39] [113] [30] [162] [89] [160] [37] [50] [190] [150] [13] [197] [9] [199] [191] [60] [115] [178] [64] [67] [22] [184] [81] [6] [52] [106] [133] [136] [16] [163] [19] [59] [175] [180] [51] [27] [43] [176] [79] [137] [45] [72] [188] [91] [97] [114] [20] [179] [5] [138] [62] [151] [129] [74] [75] [172] [112] [96] [143] [80] [12] [134] [7] [120] [99] [87] [193] [127] [0] [32] [194] [56] [33] [1] [118] [29] [110] [164] [83] [196] [104] [152] [126] ]
  p == (size == 1) [ [58] ]
}  { cluster distance:
  d(l, p) == 186.9
  l == (size == 124) [ [57] [2] [149] [195] [157] [94] [189] [18] [116] [55] [142] [107] [44] [139] [71] [154] [40] [186] [187] [73] [46] [140] [42] [34] [38] [76] [105] [28] [185] [165] [121] [48] [146] [117] [14] [101] [41] [183] [170] [192] [39] [113] [30] [162] [89] [160] [37] [50] [190] [150] [13] [197] [9] [199] [191] [60] [115] [178] [64] [67] [22] [184] [81] [6] [52] [106] [133] [136] [16] [163] [19] [59] [175] [180] [51] [27] [43] [176] [79] [137] [45] [72] [188] [91] [97] [114] [20] [179] [5] [138] [62] [151] [129] [74] [75] [172] [112] [96] [143] [80] [12] [134] [7] [120] [99] [87] [193] [127] [0] [32] [194] [56] [33] [1] [118] [29] [110] [164] [83] [196] [104] [152] [126] [58] ]
  p == (size == 1) [ [102] ]
}  { cluster distance:
  d(l, p) == 186.745
  l == (size == 125) [ [57] [2] [149] [195] [157] [94] [189] [18] [116] [55] [142] [107] [44] [139] [71] [154] [40] [186] [187] [73] [46] [140] [42] [34] [38] [76] [105] [28] [185] [165] [121] [48] [146] [117] [14] [101] [41] [183] [170] [192] [39] [113] [30] [162] [89] [160] [37] [50] [190] [150] [13] [197] [9] [199] [191] [60] [115] [178] [64] [67] [22] [184] [81] [6] [52] [106] [133] [136] [16] [163] [19] [59] [175] [180] [51] [27] [43] [176] [79] [137] [45] [72] [188] [91] [97] [114] [20] [179] [5] [138] [62] [151] [129] [74] [75] [172] [112] [96] [143] [80] [12] [134] [7] [120] [99] [87] [193] [127] [0] [32] [194] [56] [33] [1] [118] [29] [110] [164] [83] [196] [104] [152] [126] [58] [102] ]
  p == (size == 1) [ [159] ]
}  { cluster distance:
  d(l, p) == 186.715
  l == (size == 22) [ [147] [11] [47] [36] [78] [82] [171] [198] [167] [92] [98] [173] [119] [17] [84] [90] [153] [86] [54] [61] [8] [21] ]
  p == (size == 1) [ [70] ]
}  { cluster distance:
  d(l, p) == 186.621
  l == (size == 1) [ [145] ]
  p == (size == 126) [ [57] [2] [149] [195] [157] [94] [189] [18] [116] [55] [142] [107] [44] [139] [71] [154] [40] [186] [187] [73] [46] [140] [42] [34] [38] [76] [105] [28] [185] [165] [121] [48] [146] [117] [14] [101] [41] [183] [170] [192] [39] [113] [30] [162] [89] [160] [37] [50] [190] [150] [13] [197] [9] [199] [191] [60] [115] [178] [64] [67] [22] [184] [81] [6] [52] [106] [133] [136] [16] [163] [19] [59] [175] [180] [51] [27] [43] [176] [79] [137] [45] [72] [188] [91] [97] [114] [20] [179] [5] [138] [62] [151] [129] [74] [75] [172] [112] [96] [143] [80] [12] [134] [7] [120] [99] [87] [193] [127] [0] [32] [194] [56] [33] [1] [118] [29] [110] [164] [83] [196] [104] [152] [126] [58] [102] [159] ]
}  { cluster distance:
  d(l, p) == 186.469
  l == (size == 127) [ [145] [57] [2] [149] [195] [157] [94] [189] [18] [116] [55] [142] [107] [44] [139] [71] [154] [40] [186] [187] [73] [46] [140] [42] [34] [38] [76] [105] [28] [185] [165] [121] [48] [146] [117] [14] [101] [41] [183] [170] [192] [39] [113] [30] [162] [89] [160] [37] [50] [190] [150] [13] [197] [9] [199] [191] [60] [115] [178] [64] [67] [22] [184] [81] [6] [52] [106] [133] [136] [16] [163] [19] [59] [175] [180] [51] [27] [43] [176] [79] [137] [45] [72] [188] [91] [97] [114] [20] [179] [5] [138] [62] [151] [129] [74] [75] [172] [112] [96] [143] [80] [12] [134] [7] [120] [99] [87] [193] [127] [0] [32] [194] [56] [33] [1] [118] [29] [110] [164] [83] [196] [104] [152] [126] [58] [102] [159] ]
  p == (size == 1) [ [124] ]
}  { cluster distance:
  d(l, p) == 186.359
  l == (size == 128) [ [145] [57] [2] [149] [195] [157] [94] [189] [18] [116] [55] [142] [107] [44] [139] [71] [154] [40] [186] [187] [73] [46] [140] [42] [34] [38] [76] [105] [28] [185] [165] [121] [48] [146] [117] [14] [101] [41] [183] [170] [192] [39] [113] [30] [162] [89] [160] [37] [50] [190] [150] [13] [197] [9] [199] [191] [60] [115] [178] [64] [67] [22] [184] [81] [6] [52] [106] [133] [136] [16] [163] [19] [59] [175] [180] [51] [27] [43] [176] [79] [137] [45] [72] [188] [91] [97] [114] [20] [179] [5] [138] [62] [151] [129] [74] [75] [172] [112] [96] [143] [80] [12] [134] [7] [120] [99] [87] [193] [127] [0] [32] [194] [56] [33] [1] [118] [29] [110] [164] [83] [196] [104] [152] [126] [58] [102] [159] [124] ]
  p == (size == 1) [ [135] ]
}  { cluster distance:
  d(l, p) == 185.814
  l == (size == 23) [ [147] [11] [47] [36] [78] [82] [171] [198] [167] [92] [98] [173] [119] [17] [84] [90] [153] [86] [54] [61] [8] [21] [70] ]
  p == (size == 1) [ [63] ]
}  { cluster distance:
  d(l, p) == 184.947
  l == (size == 24) [ [147] [11] [47] [36] [78] [82] [171] [198] [167] [92] [98] [173] [119] [17] [84] [90] [153] [86] [54] [61] [8] [21] [70] [63] ]
  p == (size == 1) [ [123] ]
}  { cluster distance:
  d(l, p) == 184.735
  l == (size == 25) [ [147] [11] [47] [36] [78] [82] [171] [198] [167] [92] [98] [173] [119] [17] [84] [90] [153] [86] [54] [61] [8] [21] [70] [63] [123] ]
  p == (size == 1) [ [10] ]
}  { cluster distance:
  d(l, p) == 184.673
  l == (size == 26) [ [147] [11] [47] [36] [78] [82] [171] [198] [167] [92] [98] [173] [119] [17] [84] [90] [153] [86] [54] [61] [8] [21] [70] [63] [123] [10] ]
  p == (size == 1) [ [122] ]
}  { cluster distance:
  d(l, p) == 184.634
  l == (size == 27) [ [147] [11] [47] [36] [78] [82] [171] [198] [167] [92] [98] [173] [119] [17] [84] [90] [153] [86] [54] [61] [8] [21] [70] [63] [123] [10] [122] ]
  p == (size == 1) [ [155] ]
}  { cluster distance:
  d(l, p) == 184.562
  l == (size == 129) [ [145] [57] [2] [149] [195] [157] [94] [189] [18] [116] [55] [142] [107] [44] [139] [71] [154] [40] [186] [187] [73] [46] [140] [42] [34] [38] [76] [105] [28] [185] [165] [121] [48] [146] [117] [14] [101] [41] [183] [170] [192] [39] [113] [30] [162] [89] [160] [37] [50] [190] [150] [13] [197] [9] [199] [191] [60] [115] [178] [64] [67] [22] [184] [81] [6] [52] [106] [133] [136] [16] [163] [19] [59] [175] [180] [51] [27] [43] [176] [79] [137] [45] [72] [188] [91] [97] [114] [20] [179] [5] [138] [62] [151] [129] [74] [75] [172] [112] [96] [143] [80] [12] [134] [7] [120] [99] [87] [193] [127] [0] [32] [194] [56] [33] [1] [118] [29] [110] [164] [83] [196] [104] [152] [126] [58] [102] [159] [124] [135] ]
  p == (size == 28) [ [147] [11] [47] [36] [78] [82] [171] [198] [167] [92] [98] [173] [119] [17] [84] [90] [153] [86] [54] [61] [8] [21] [70] [63] [123] [10] [122] [155] ]
}  { cluster distance:
  d(l, p) == 184.523
  l == (size == 157) [ [145] [57] [2] [149] [195] [157] [94] [189] [18] [116] [55] [142] [107] [44] [139] [71] [154] [40] [186] [187] [73] [46] [140] [42] [34] [38] [76] [105] [28] [185] [165] [121] [48] [146] [117] [14] [101] [41] [183] [170] [192] [39] [113] [30] [162] [89] [160] [37] [50] [190] [150] [13] [197] [9] [199] [191] [60] [115] [178] [64] [67] [22] [184] [81] [6] [52] [106] [133] [136] [16] [163] [19] [59] [175] [180] [51] [27] [43] [176] [79] [137] [45] [72] [188] [91] [97] [114] [20] [179] [5] [138] [62] [151] [129] [74] [75] [172] [112] [96] [143] [80] [12] [134] [7] [120] [99] [87] [193] [127] [0] [32] [194] [56] [33] [1] [118] [29] [110] [164] [83] [196] [104] [152] [126] [58] [102] [159] [124] [135] [147] [11] [47] [36] [78] [82] [171] [198] [167] [92] [98] [173] [119] [17] [84] [90] [153] [86] [54] [61] [8] [21] [70] [63] [123] [10] [122] [155] ]
  p == (size == 1) [ [103] ]
}  { cluster distance:
  d(l, p) == 184.451
  l == (size == 158) [ [145] [57] [2] [149] [195] [157] [94] [189] [18] [116] [55] [142] [107] [44] [139] [71] [154] [40] [186] [187] [73] [46] [140] [42] [34] [38] [76] [105] [28] [185] [165] [121] [48] [146] [117] [14] [101] [41] [183] [170] [192] [39] [113] [30] [162] [89] [160] [37] [50] [190] [150] [13] [197] [9] [199] [191] [60] [115] [178] [64] [67] [22] [184] [81] [6] [52] [106] [133] [136] [16] [163] [19] [59] [175] [180] [51] [27] [43] [176] [79] [137] [45] [72] [188] [91] [97] [114] [20] [179] [5] [138] [62] [151] [129] [74] [75] [172] [112] [96] [143] [80] [12] [134] [7] [120] [99] [87] [193] [127] [0] [32] [194] [56] [33] [1] [118] [29] [110] [164] [83] [196] [104] [152] [126] [58] [102] [159] [124] [135] [147] [11] [47] [36] [78] [82] [171] [198] [167] [92] [98] [173] [119] [17] [84] [90] [153] [86] [54] [61] [8] [21] [70] [63] [123] [10] [122] [155] [103] ]
  p == (size == 1) [ [69] ]
}  { cluster distance:
  d(l, p) == 184.449
  l == (size == 159) [ [145] [57] [2] [149] [195] [157] [94] [189] [18] [116] [55] [142] [107] [44] [139] [71] [154] [40] [186] [187] [73] [46] [140] [42] [34] [38] [76] [105] [28] [185] [165] [121] [48] [146] [117] [14] [101] [41] [183] [170] [192] [39] [113] [30] [162] [89] [160] [37] [50] [190] [150] [13] [197] [9] [199] [191] [60] [115] [178] [64] [67] [22] [184] [81] [6] [52] [106] [133] [136] [16] [163] [19] [59] [175] [180] [51] [27] [43] [176] [79] [137] [45] [72] [188] [91] [97] [114] [20] [179] [5] [138] [62] [151] [129] [74] [75] [172] [112] [96] [143] [80] [12] [134] [7] [120] [99] [87] [193] [127] [0] [32] [194] [56] [33] [1] [118] [29] [110] [164] [83] [196] [104] [152] [126] [58] [102] [159] [124] [135] [147] [11] [47] [36] [78] [82] [171] [198] [167] [92] [98] [173] [119] [17] [84] [90] [153] [86] [54] [61] [8] [21] [70] [63] [123] [10] [122] [155] [103] [69] ]
  p == (size == 1) [ [161] ]
}  { cluster distance:
  d(l, p) == 184.203
  l == (size == 160) [ [145] [57] [2] [149] [195] [157] [94] [189] [18] [116] [55] [142] [107] [44] [139] [71] [154] [40] [186] [187] [73] [46] [140] [42] [34] [38] [76] [105] [28] [185] [165] [121] [48] [146] [117] [14] [101] [41] [183] [170] [192] [39] [113] [30] [162] [89] [160] [37] [50] [190] [150] [13] [197] [9] [199] [191] [60] [115] [178] [64] [67] [22] [184] [81] [6] [52] [106] [133] [136] [16] [163] [19] [59] [175] [180] [51] [27] [43] [176] [79] [137] [45] [72] [188] [91] [97] [114] [20] [179] [5] [138] [62] [151] [129] [74] [75] [172] [112] [96] [143] [80] [12] [134] [7] [120] [99] [87] [193] [127] [0] [32] [194] [56] [33] [1] [118] [29] [110] [164] [83] [196] [104] [152] [126] [58] [102] [159] [124] [135] [147] [11] [47] [36] [78] [82] [171] [198] [167] [92] [98] [173] [119] [17] [84] [90] [153] [86] [54] [61] [8] [21] [70] [63] [123] [10] [122] [155] [103] [69] [161] ]
  p == (size == 1) [ [131] ]
}  { cluster distance:
  d(l, p) == 183.739
  l == (size == 161) [ [145] [57] [2] [149] [195] [157] [94] [189] [18] [116] [55] [142] [107] [44] [139] [71] [154] [40] [186] [187] [73] [46] [140] [42] [34] [38] [76] [105] [28] [185] [165] [121] [48] [146] [117] [14] [101] [41] [183] [170] [192] [39] [113] [30] [162] [89] [160] [37] [50] [190] [150] [13] [197] [9] [199] [191] [60] [115] [178] [64] [67] [22] [184] [81] [6] [52] [106] [133] [136] [16] [163] [19] [59] [175] [180] [51] [27] [43] [176] [79] [137] [45] [72] [188] [91] [97] [114] [20] [179] [5] [138] [62] [151] [129] [74] [75] [172] [112] [96] [143] [80] [12] [134] [7] [120] [99] [87] [193] [127] [0] [32] [194] [56] [33] [1] [118] [29] [110] [164] [83] [196] [104] [152] [126] [58] [102] [159] [124] [135] [147] [11] [47] [36] [78] [82] [171] [198] [167] [92] [98] [173] [119] [17] [84] [90] [153] [86] [54] [61] [8] [21] [70] [63] [123] [10] [122] [155] [103] [69] [161] [131] ]
  p == (size == 1) [ [23] ]
}  { cluster distance:
  d(l, p) == 183.733
  l == (size == 162) [ [145] [57] [2] [149] [195] [157] [94] [189] [18] [116] [55] [142] [107] [44] [139] [71] [154] [40] [186] [187] [73] [46] [140] [42] [34] [38] [76] [105] [28] [185] [165] [121] [48] [146] [117] [14] [101] [41] [183] [170] [192] [39] [113] [30] [162] [89] [160] [37] [50] [190] [150] [13] [197] [9] [199] [191] [60] [115] [178] [64] [67] [22] [184] [81] [6] [52] [106] [133] [136] [16] [163] [19] [59] [175] [180] [51] [27] [43] [176] [79] [137] [45] [72] [188] [91] [97] [114] [20] [179] [5] [138] [62] [151] [129] [74] [75] [172] [112] [96] [143] [80] [12] [134] [7] [120] [99] [87] [193] [127] [0] [32] [194] [56] [33] [1] [118] [29] [110] [164] [83] [196] [104] [152] [126] [58] [102] [159] [124] [135] [147] [11] [47] [36] [78] [82] [171] [198] [167] [92] [98] [173] [119] [17] [84] [90] [153] [86] [54] [61] [8] [21] [70] [63] [123] [10] [122] [155] [103] [69] [161] [131] [23] ]
  p == (size == 1) [ [169] ]
}  { cluster distance:
  d(l, p) == 183.198
  l == (size == 163) [ [145] [57] [2] [149] [195] [157] [94] [189] [18] [116] [55] [142] [107] [44] [139] [71] [154] [40] [186] [187] [73] [46] [140] [42] [34] [38] [76] [105] [28] [185] [165] [121] [48] [146] [117] [14] [101] [41] [183] [170] [192] [39] [113] [30] [162] [89] [160] [37] [50] [190] [150] [13] [197] [9] [199] [191] [60] [115] [178] [64] [67] [22] [184] [81] [6] [52] [106] [133] [136] [16] [163] [19] [59] [175] [180] [51] [27] [43] [176] [79] [137] [45] [72] [188] [91] [97] [114] [20] [179] [5] [138] [62] [151] [129] [74] [75] [172] [112] [96] [143] [80] [12] [134] [7] [120] [99] [87] [193] [127] [0] [32] [194] [56] [33] [1] [118] [29] [110] [164] [83] [196] [104] [152] [126] [58] [102] [159] [124] [135] [147] [11] [47] [36] [78] [82] [171] [198] [167] [92] [98] [173] [119] [17] [84] [90] [153] [86] [54] [61] [8] [21] [70] [63] [123] [10] [122] [155] [103] [69] [161] [131] [23] [169] ]
  p == (size == 1) [ [24] ]
}  { cluster distance:
  d(l, p) == 183.176
  l == (size == 164) [ [145] [57] [2] [149] [195] [157] [94] [189] [18] [116] [55] [142] [107] [44] [139] [71] [154] [40] [186] [187] [73] [46] [140] [42] [34] [38] [76] [105] [28] [185] [165] [121] [48] [146] [117] [14] [101] [41] [183] [170] [192] [39] [113] [30] [162] [89] [160] [37] [50] [190] [150] [13] [197] [9] [199] [191] [60] [115] [178] [64] [67] [22] [184] [81] [6] [52] [106] [133] [136] [16] [163] [19] [59] [175] [180] [51] [27] [43] [176] [79] [137] [45] [72] [188] [91] [97] [114] [20] [179] [5] [138] [62] [151] [129] [74] [75] [172] [112] [96] [143] [80] [12] [134] [7] [120] [99] [87] [193] [127] [0] [32] [194] [56] [33] [1] [118] [29] [110] [164] [83] [196] [104] [152] [126] [58] [102] [159] [124] [135] [147] [11] [47] [36] [78] [82] [171] [198] [167] [92] [98] [173] [119] [17] [84] [90] [153] [86] [54] [61] [8] [21] [70] [63] [123] [10] [122] [155] [103] [69] [161] [131] [23] [169] [24] ]
  p == (size == 1) [ [26] ]
}  { cluster distance:
  d(l, p) == 183.058
  l == (size == 165) [ [145] [57] [2] [149] [195] [157] [94] [189] [18] [116] [55] [142] [107] [44] [139] [71] [154] [40] [186] [187] [73] [46] [140] [42] [34] [38] [76] [105] [28] [185] [165] [121] [48] [146] [117] [14] [101] [41] [183] [170] [192] [39] [113] [30] [162] [89] [160] [37] [50] [190] [150] [13] [197] [9] [199] [191] [60] [115] [178] [64] [67] [22] [184] [81] [6] [52] [106] [133] [136] [16] [163] [19] [59] [175] [180] [51] [27] [43] [176] [79] [137] [45] [72] [188] [91] [97] [114] [20] [179] [5] [138] [62] [151] [129] [74] [75] [172] [112] [96] [143] [80] [12] [134] [7] [120] [99] [87] [193] [127] [0] [32] [194] [56] [33] [1] [118] [29] [110] [164] [83] [196] [104] [152] [126] [58] [102] [159] [124] [135] [147] [11] [47] [36] [78] [82] [171] [198] [167] [92] [98] [173] [119] [17] [84] [90] [153] [86] [54] [61] [8] [21] [70] [63] [123] [10] [122] [155] [103] [69] [161] [131] [23] [169] [24] [26] ]
  p == (size == 1) [ [25] ]
}  { cluster distance:
  d(l, p) == 182.727
  l == (size == 166) [ [145] [57] [2] [149] [195] [157] [94] [189] [18] [116] [55] [142] [107] [44] [139] [71] [154] [40] [186] [187] [73] [46] [140] [42] [34] [38] [76] [105] [28] [185] [165] [121] [48] [146] [117] [14] [101] [41] [183] [170] [192] [39] [113] [30] [162] [89] [160] [37] [50] [190] [150] [13] [197] [9] [199] [191] [60] [115] [178] [64] [67] [22] [184] [81] [6] [52] [106] [133] [136] [16] [163] [19] [59] [175] [180] [51] [27] [43] [176] [79] [137] [45] [72] [188] [91] [97] [114] [20] [179] [5] [138] [62] [151] [129] [74] [75] [172] [112] [96] [143] [80] [12] [134] [7] [120] [99] [87] [193] [127] [0] [32] [194] [56] [33] [1] [118] [29] [110] [164] [83] [196] [104] [152] [126] [58] [102] [159] [124] [135] [147] [11] [47] [36] [78] [82] [171] [198] [167] [92] [98] [173] [119] [17] [84] [90] [153] [86] [54] [61] [8] [21] [70] [63] [123] [10] [122] [155] [103] [69] [161] [131] [23] [169] [24] [26] [25] ]
  p == (size == 1) [ [4] ]
}  { cluster distance:
  d(l, p) == 182.382
  l == (size == 167) [ [145] [57] [2] [149] [195] [157] [94] [189] [18] [116] [55] [142] [107] [44] [139] [71] [154] [40] [186] [187] [73] [46] [140] [42] [34] [38] [76] [105] [28] [185] [165] [121] [48] [146] [117] [14] [101] [41] [183] [170] [192] [39] [113] [30] [162] [89] [160] [37] [50] [190] [150] [13] [197] [9] [199] [191] [60] [115] [178] [64] [67] [22] [184] [81] [6] [52] [106] [133] [136] [16] [163] [19] [59] [175] [180] [51] [27] [43] [176] [79] [137] [45] [72] [188] [91] [97] [114] [20] [179] [5] [138] [62] [151] [129] [74] [75] [172] [112] [96] [143] [80] [12] [134] [7] [120] [99] [87] [193] [127] [0] [32] [194] [56] [33] [1] [118] [29] [110] [164] [83] [196] [104] [152] [126] [58] [102] [159] [124] [135] [147] [11] [47] [36] [78] [82] [171] [198] [167] [92] [98] [173] [119] [17] [84] [90] [153] [86] [54] [61] [8] [21] [70] [63] [123] [10] [122] [155] [103] [69] [161] [131] [23] [169] [24] [26] [25] [4] ]
  p == (size == 1) [ [166] ]
}  { cluster distance:
  d(l, p) == 182.289
  l == (size == 168) [ [145] [57] [2] [149] [195] [157] [94] [189] [18] [116] [55] [142] [107] [44] [139] [71] [154] [40] [186] [187] [73] [46] [140] [42] [34] [38] [76] [105] [28] [185] [165] [121] [48] [146] [117] [14] [101] [41] [183] [170] [192] [39] [113] [30] [162] [89] [160] [37] [50] [190] [150] [13] [197] [9] [199] [191] [60] [115] [178] [64] [67] [22] [184] [81] [6] [52] [106] [133] [136] [16] [163] [19] [59] [175] [180] [51] [27] [43] [176] [79] [137] [45] [72] [188] [91] [97] [114] [20] [179] [5] [138] [62] [151] [129] [74] [75] [172] [112] [96] [143] [80] [12] [134] [7] [120] [99] [87] [193] [127] [0] [32] [194] [56] [33] [1] [118] [29] [110] [164] [83] [196] [104] [152] [126] [58] [102] [159] [124] [135] [147] [11] [47] [36] [78] [82] [171] [198] [167] [92] [98] [173] [119] [17] [84] [90] [153] [86] [54] [61] [8] [21] [70] [63] [123] [10] [122] [155] [103] [69] [161] [131] [23] [169] [24] [26] [25] [4] [166] ]
  p == (size == 1) [ [182] ]
}  { cluster distance:
  d(l, p) == 181.568
  l == (size == 169) [ [145] [57] [2] [149] [195] [157] [94] [189] [18] [116] [55] [142] [107] [44] [139] [71] [154] [40] [186] [187] [73] [46] [140] [42] [34] [38] [76] [105] [28] [185] [165] [121] [48] [146] [117] [14] [101] [41] [183] [170] [192] [39] [113] [30] [162] [89] [160] [37] [50] [190] [150] [13] [197] [9] [199] [191] [60] [115] [178] [64] [67] [22] [184] [81] [6] [52] [106] [133] [136] [16] [163] [19] [59] [175] [180] [51] [27] [43] [176] [79] [137] [45] [72] [188] [91] [97] [114] [20] [179] [5] [138] [62] [151] [129] [74] [75] [172] [112] [96] [143] [80] [12] [134] [7] [120] [99] [87] [193] [127] [0] [32] [194] [56] [33] [1] [118] [29] [110] [164] [83] [196] [104] [152] [126] [58] [102] [159] [124] [135] [147] [11] [47] [36] [78] [82] [171] [198] [167] [92] [98] [173] [119] [17] [84] [90] [153] [86] [54] [61] [8] [21] [70] [63] [123] [10] [122] [155] [103] [69] [161] [131] [23] [169] [24] [26] [25] [4] [166] [182] ]
  p == (size == 1) [ [93] ]
}  { cluster distance:
  d(l, p) == 181.256
  l == (size == 170) [ [145] [57] [2] [149] [195] [157] [94] [189] [18] [116] [55] [142] [107] [44] [139] [71] [154] [40] [186] [187] [73] [46] [140] [42] [34] [38] [76] [105] [28] [185] [165] [121] [48] [146] [117] [14] [101] [41] [183] [170] [192] [39] [113] [30] [162] [89] [160] [37] [50] [190] [150] [13] [197] [9] [199] [191] [60] [115] [178] [64] [67] [22] [184] [81] [6] [52] [106] [133] [136] [16] [163] [19] [59] [175] [180] [51] [27] [43] [176] [79] [137] [45] [72] [188] [91] [97] [114] [20] [179] [5] [138] [62] [151] [129] [74] [75] [172] [112] [96] [143] [80] [12] [134] [7] [120] [99] [87] [193] [127] [0] [32] [194] [56] [33] [1] [118] [29] [110] [164] [83] [196] [104] [152] [126] [58] [102] [159] [124] [135] [147] [11] [47] [36] [78] [82] [171] [198] [167] [92] [98] [173] [119] [17] [84] [90] [153] [86] [54] [61] [8] [21] [70] [63] [123] [10] [122] [155] [103] [69] [161] [131] [23] [169] [24] [26] [25] [4] [166] [182] [93] ]
  p == (size == 1) [ [3] ]
}  { cluster distance:
  d(l, p) == 181.225
  l == (size == 171) [ [145] [57] [2] [149] [195] [157] [94] [189] [18] [116] [55] [142] [107] [44] [139] [71] [154] [40] [186] [187] [73] [46] [140] [42] [34] [38] [76] [105] [28] [185] [165] [121] [48] [146] [117] [14] [101] [41] [183] [170] [192] [39] [113] [30] [162] [89] [160] [37] [50] [190] [150] [13] [197] [9] [199] [191] [60] [115] [178] [64] [67] [22] [184] [81] [6] [52] [106] [133] [136] [16] [163] [19] [59] [175] [180] [51] [27] [43] [176] [79] [137] [45] [72] [188] [91] [97] [114] [20] [179] [5] [138] [62] [151] [129] [74] [75] [172] [112] [96] [143] [80] [12] [134] [7] [120] [99] [87] [193] [127] [0] [32] [194] [56] [33] [1] [118] [29] [110] [164] [83] [196] [104] [152] [126] [58] [102] [159] [124] [135] [147] [11] [47] [36] [78] [82] [171] [198] [167] [92] [98] [173] [119] [17] [84] [90] [153] [86] [54] [61] [8] [21] [70] [63] [123] [10] [122] [155] [103] [69] [161] [131] [23] [169] [24] [26] [25] [4] [166] [182] [93] [3] ]
  p == (size == 1) [ [68] ]
}  { cluster distance:
  d(l, p) == 180.925
  l == (size == 172) [ [145] [57] [2] [149] [195] [157] [94] [189] [18] [116] [55] [142] [107] [44] [139] [71] [154] [40] [186] [187] [73] [46] [140] [42] [34] [38] [76] [105] [28] [185] [165] [121] [48] [146] [117] [14] [101] [41] [183] [170] [192] [39] [113] [30] [162] [89] [160] [37] [50] [190] [150] [13] [197] [9] [199] [191] [60] [115] [178] [64] [67] [22] [184] [81] [6] [52] [106] [133] [136] [16] [163] [19] [59] [175] [180] [51] [27] [43] [176] [79] [137] [45] [72] [188] [91] [97] [114] [20] [179] [5] [138] [62] [151] [129] [74] [75] [172] [112] [96] [143] [80] [12] [134] [7] [120] [99] [87] [193] [127] [0] [32] [194] [56] [33] [1] [118] [29] [110] [164] [83] [196] [104] [152] [126] [58] [102] [159] [124] [135] [147] [11] [47] [36] [78] [82] [171] [198] [167] [92] [98] [173] [119] [17] [84] [90] [153] [86] [54] [61] [8] [21] [70] [63] [123] [10] [122] [155] [103] [69] [161] [131] [23] [169] [24] [26] [25] [4] [166] [182] [93] [3] [68] ]
  p == (size == 1) [ [66] ]
}  { cluster distance:
  d(l, p) == 180.9
  l == (size == 173) [ [145] [57] [2] [149] [195] [157] [94] [189] [18] [116] [55] [142] [107] [44] [139] [71] [154] [40] [186] [187] [73] [46] [140] [42] [34] [38] [76] [105] [28] [185] [165] [121] [48] [146] [117] [14] [101] [41] [183] [170] [192] [39] [113] [30] [162] [89] [160] [37] [50] [190] [150] [13] [197] [9] [199] [191] [60] [115] [178] [64] [67] [22] [184] [81] [6] [52] [106] [133] [136] [16] [163] [19] [59] [175] [180] [51] [27] [43] [176] [79] [137] [45] [72] [188] [91] [97] [114] [20] [179] [5] [138] [62] [151] [129] [74] [75] [172] [112] [96] [143] [80] [12] [134] [7] [120] [99] [87] [193] [127] [0] [32] [194] [56] [33] [1] [118] [29] [110] [164] [83] [196] [104] [152] [126] [58] [102] [159] [124] [135] [147] [11] [47] [36] [78] [82] [171] [198] [167] [92] [98] [173] [119] [17] [84] [90] [153] [86] [54] [61] [8] [21] [70] [63] [123] [10] [122] [155] [103] [69] [161] [131] [23] [169] [24] [26] [25] [4] [166] [182] [93] [3] [68] [66] ]
  p == (size == 1) [ [31] ]
}  { cluster distance:
  d(l, p) == 180.843
  l == (size == 174) [ [145] [57] [2] [149] [195] [157] [94] [189] [18] [116] [55] [142] [107] [44] [139] [71] [154] [40] [186] [187] [73] [46] [140] [42] [34] [38] [76] [105] [28] [185] [165] [121] [48] [146] [117] [14] [101] [41] [183] [170] [192] [39] [113] [30] [162] [89] [160] [37] [50] [190] [150] [13] [197] [9] [199] [191] [60] [115] [178] [64] [67] [22] [184] [81] [6] [52] [106] [133] [136] [16] [163] [19] [59] [175] [180] [51] [27] [43] [176] [79] [137] [45] [72] [188] [91] [97] [114] [20] [179] [5] [138] [62] [151] [129] [74] [75] [172] [112] [96] [143] [80] [12] [134] [7] [120] [99] [87] [193] [127] [0] [32] [194] [56] [33] [1] [118] [29] [110] [164] [83] [196] [104] [152] [126] [58] [102] [159] [124] [135] [147] [11] [47] [36] [78] [82] [171] [198] [167] [92] [98] [173] [119] [17] [84] [90] [153] [86] [54] [61] [8] [21] [70] [63] [123] [10] [122] [155] [103] [69] [161] [131] [23] [169] [24] [26] [25] [4] [166] [182] [93] [3] [68] [66] [31] ]
  p == (size == 1) [ [53] ]
}  { cluster distance:
  d(l, p) == 180.806
  l == (size == 175) [ [145] [57] [2] [149] [195] [157] [94] [189] [18] [116] [55] [142] [107] [44] [139] [71] [154] [40] [186] [187] [73] [46] [140] [42] [34] [38] [76] [105] [28] [185] [165] [121] [48] [146] [117] [14] [101] [41] [183] [170] [192] [39] [113] [30] [162] [89] [160] [37] [50] [190] [150] [13] [197] [9] [199] [191] [60] [115] [178] [64] [67] [22] [184] [81] [6] [52] [106] [133] [136] [16] [163] [19] [59] [175] [180] [51] [27] [43] [176] [79] [137] [45] [72] [188] [91] [97] [114] [20] [179] [5] [138] [62] [151] [129] [74] [75] [172] [112] [96] [143] [80] [12] [134] [7] [120] [99] [87] [193] [127] [0] [32] [194] [56] [33] [1] [118] [29] [110] [164] [83] [196] [104] [152] [126] [58] [102] [159] [124] [135] [147] [11] [47] [36] [78] [82] [171] [198] [167] [92] [98] [173] [119] [17] [84] [90] [153] [86] [54] [61] [8] [21] [70] [63] [123] [10] [122] [155] [103] [69] [161] [131] [23] [169] [24] [26] [25] [4] [166] [182] [93] [3] [68] [66] [31] [53] ]
  p == (size == 1) [ [174] ]
}  { cluster distance:
  d(l, p) == 180.543
  l == (size == 176) [ [145] [57] [2] [149] [195] [157] [94] [189] [18] [116] [55] [142] [107] [44] [139] [71] [154] [40] [186] [187] [73] [46] [140] [42] [34] [38] [76] [105] [28] [185] [165] [121] [48] [146] [117] [14] [101] [41] [183] [170] [192] [39] [113] [30] [162] [89] [160] [37] [50] [190] [150] [13] [197] [9] [199] [191] [60] [115] [178] [64] [67] [22] [184] [81] [6] [52] [106] [133] [136] [16] [163] [19] [59] [175] [180] [51] [27] [43] [176] [79] [137] [45] [72] [188] [91] [97] [114] [20] [179] [5] [138] [62] [151] [129] [74] [75] [172] [112] [96] [143] [80] [12] [134] [7] [120] [99] [87] [193] [127] [0] [32] [194] [56] [33] [1] [118] [29] [110] [164] [83] [196] [104] [152] [126] [58] [102] [159] [124] [135] [147] [11] [47] [36] [78] [82] [171] [198] [167] [92] [98] [173] [119] [17] [84] [90] [153] [86] [54] [61] [8] [21] [70] [63] [123] [10] [122] [155] [103] [69] [161] [131] [23] [169] [24] [26] [25] [4] [166] [182] [93] [3] [68] [66] [31] [53] [174] ]
  p == (size == 1) [ [65] ]
}  { cluster distance:
  d(l, p) == 180.417
  l == (size == 177) [ [145] [57] [2] [149] [195] [157] [94] [189] [18] [116] [55] [142] [107] [44] [139] [71] [154] [40] [186] [187] [73] [46] [140] [42] [34] [38] [76] [105] [28] [185] [165] [121] [48] [146] [117] [14] [101] [41] [183] [170] [192] [39] [113] [30] [162] [89] [160] [37] [50] [190] [150] [13] [197] [9] [199] [191] [60] [115] [178] [64] [67] [22] [184] [81] [6] [52] [106] [133] [136] [16] [163] [19] [59] [175] [180] [51] [27] [43] [176] [79] [137] [45] [72] [188] [91] [97] [114] [20] [179] [5] [138] [62] [151] [129] [74] [75] [172] [112] [96] [143] [80] [12] [134] [7] [120] [99] [87] [193] [127] [0] [32] [194] [56] [33] [1] [118] [29] [110] [164] [83] [196] [104] [152] [126] [58] [102] [159] [124] [135] [147] [11] [47] [36] [78] [82] [171] [198] [167] [92] [98] [173] [119] [17] [84] [90] [153] [86] [54] [61] [8] [21] [70] [63] [123] [10] [122] [155] [103] [69] [161] [131] [23] [169] [24] [26] [25] [4] [166] [182] [93] [3] [68] [66] [31] [53] [174] [65] ]
  p == (size == 1) [ [168] ]
}  { cluster distance:
  d(l, p) == 179.983
  l == (size == 178) [ [145] [57] [2] [149] [195] [157] [94] [189] [18] [116] [55] [142] [107] [44] [139] [71] [154] [40] [186] [187] [73] [46] [140] [42] [34] [38] [76] [105] [28] [185] [165] [121] [48] [146] [117] [14] [101] [41] [183] [170] [192] [39] [113] [30] [162] [89] [160] [37] [50] [190] [150] [13] [197] [9] [199] [191] [60] [115] [178] [64] [67] [22] [184] [81] [6] [52] [106] [133] [136] [16] [163] [19] [59] [175] [180] [51] [27] [43] [176] [79] [137] [45] [72] [188] [91] [97] [114] [20] [179] [5] [138] [62] [151] [129] [74] [75] [172] [112] [96] [143] [80] [12] [134] [7] [120] [99] [87] [193] [127] [0] [32] [194] [56] [33] [1] [118] [29] [110] [164] [83] [196] [104] [152] [126] [58] [102] [159] [124] [135] [147] [11] [47] [36] [78] [82] [171] [198] [167] [92] [98] [173] [119] [17] [84] [90] [153] [86] [54] [61] [8] [21] [70] [63] [123] [10] [122] [155] [103] [69] [161] [131] [23] [169] [24] [26] [25] [4] [166] [182] [93] [3] [68] [66] [31] [53] [174] [65] [168] ]
  p == (size == 1) [ [141] ]
}  { cluster distance:
  d(l, p) == 179.925
  l == (size == 179) [ [145] [57] [2] [149] [195] [157] [94] [189] [18] [116] [55] [142] [107] [44] [139] [71] [154] [40] [186] [187] [73] [46] [140] [42] [34] [38] [76] [105] [28] [185] [165] [121] [48] [146] [117] [14] [101] [41] [183] [170] [192] [39] [113] [30] [162] [89] [160] [37] [50] [190] [150] [13] [197] [9] [199] [191] [60] [115] [178] [64] [67] [22] [184] [81] [6] [52] [106] [133] [136] [16] [163] [19] [59] [175] [180] [51] [27] [43] [176] [79] [137] [45] [72] [188] [91] [97] [114] [20] [179] [5] [138] [62] [151] [129] [74] [75] [172] [112] [96] [143] [80] [12] [134] [7] [120] [99] [87] [193] [127] [0] [32] [194] [56] [33] [1] [118] [29] [110] [164] [83] [196] [104] [152] [126] [58] [102] [159] [124] [135] [147] [11] [47] [36] [78] [82] [171] [198] [167] [92] [98] [173] [119] [17] [84] [90] [153] [86] [54] [61] [8] [21] [70] [63] [123] [10] [122] [155] [103] [69] [161] [131] [23] [169] [24] [26] [25] [4] [166] [182] [93] [3] [68] [66] [31] [53] [174] [65] [168] [141] ]
  p == (size == 1) [ [88] ]
}  { cluster distance:
  d(l, p) == 179.843
  l == (size == 180) [ [145] [57] [2] [149] [195] [157] [94] [189] [18] [116] [55] [142] [107] [44] [139] [71] [154] [40] [186] [187] [73] [46] [140] [42] [34] [38] [76] [105] [28] [185] [165] [121] [48] [146] [117] [14] [101] [41] [183] [170] [192] [39] [113] [30] [162] [89] [160] [37] [50] [190] [150] [13] [197] [9] [199] [191] [60] [115] [178] [64] [67] [22] [184] [81] [6] [52] [106] [133] [136] [16] [163] [19] [59] [175] [180] [51] [27] [43] [176] [79] [137] [45] [72] [188] [91] [97] [114] [20] [179] [5] [138] [62] [151] [129] [74] [75] [172] [112] [96] [143] [80] [12] [134] [7] [120] [99] [87] [193] [127] [0] [32] [194] [56] [33] [1] [118] [29] [110] [164] [83] [196] [104] [152] [126] [58] [102] [159] [124] [135] [147] [11] [47] [36] [78] [82] [171] [198] [167] [92] [98] [173] [119] [17] [84] [90] [153] [86] [54] [61] [8] [21] [70] [63] [123] [10] [122] [155] [103] [69] [161] [131] [23] [169] [24] [26] [25] [4] [166] [182] [93] [3] [68] [66] [31] [53] [174] [65] [168] [141] [88] ]
  p == (size == 1) [ [77] ]
}  { cluster distance:
  d(l, p) == 179.767
  l == (size == 181) [ [145] [57] [2] [149] [195] [157] [94] [189] [18] [116] [55] [142] [107] [44] [139] [71] [154] [40] [186] [187] [73] [46] [140] [42] [34] [38] [76] [105] [28] [185] [165] [121] [48] [146] [117] [14] [101] [41] [183] [170] [192] [39] [113] [30] [162] [89] [160] [37] [50] [190] [150] [13] [197] [9] [199] [191] [60] [115] [178] [64] [67] [22] [184] [81] [6] [52] [106] [133] [136] [16] [163] [19] [59] [175] [180] [51] [27] [43] [176] [79] [137] [45] [72] [188] [91] [97] [114] [20] [179] [5] [138] [62] [151] [129] [74] [75] [172] [112] [96] [143] [80] [12] [134] [7] [120] [99] [87] [193] [127] [0] [32] [194] [56] [33] [1] [118] [29] [110] [164] [83] [196] [104] [152] [126] [58] [102] [159] [124] [135] [147] [11] [47] [36] [78] [82] [171] [198] [167] [92] [98] [173] [119] [17] [84] [90] [153] [86] [54] [61] [8] [21] [70] [63] [123] [10] [122] [155] [103] [69] [161] [131] [23] [169] [24] [26] [25] [4] [166] [182] [93] [3] [68] [66] [31] [53] [174] [65] [168] [141] [88] [77] ]
  p == (size == 1) [ [148] ]
}  { cluster distance:
  d(l, p) == 178.989
  l == (size == 182) [ [145] [57] [2] [149] [195] [157] [94] [189] [18] [116] [55] [142] [107] [44] [139] [71] [154] [40] [186] [187] [73] [46] [140] [42] [34] [38] [76] [105] [28] [185] [165] [121] [48] [146] [117] [14] [101] [41] [183] [170] [192] [39] [113] [30] [162] [89] [160] [37] [50] [190] [150] [13] [197] [9] [199] [191] [60] [115] [178] [64] [67] [22] [184] [81] [6] [52] [106] [133] [136] [16] [163] [19] [59] [175] [180] [51] [27] [43] [176] [79] [137] [45] [72] [188] [91] [97] [114] [20] [179] [5] [138] [62] [151] [129] [74] [75] [172] [112] [96] [143] [80] [12] [134] [7] [120] [99] [87] [193] [127] [0] [32] [194] [56] [33] [1] [118] [29] [110] [164] [83] [196] [104] [152] [126] [58] [102] [159] [124] [135] [147] [11] [47] [36] [78] [82] [171] [198] [167] [92] [98] [173] [119] [17] [84] [90] [153] [86] [54] [61] [8] [21] [70] [63] [123] [10] [122] [155] [103] [69] [161] [131] [23] [169] [24] [26] [25] [4] [166] [182] [93] [3] [68] [66] [31] [53] [174] [65] [168] [141] [88] [77] [148] ]
  p == (size == 1) [ [111] ]
}  { cluster distance:
  d(l, p) == 178.745
  l == (size == 183) [ [145] [57] [2] [149] [195] [157] [94] [189] [18] [116] [55] [142] [107] [44] [139] [71] [154] [40] [186] [187] [73] [46] [140] [42] [34] [38] [76] [105] [28] [185] [165] [121] [48] [146] [117] [14] [101] [41] [183] [170] [192] [39] [113] [30] [162] [89] [160] [37] [50] [190] [150] [13] [197] [9] [199] [191] [60] [115] [178] [64] [67] [22] [184] [81] [6] [52] [106] [133] [136] [16] [163] [19] [59] [175] [180] [51] [27] [43] [176] [79] [137] [45] [72] [188] [91] [97] [114] [20] [179] [5] [138] [62] [151] [129] [74] [75] [172] [112] [96] [143] [80] [12] [134] [7] [120] [99] [87] [193] [127] [0] [32] [194] [56] [33] [1] [118] [29] [110] [164] [83] [196] [104] [152] [126] [58] [102] [159] [124] [135] [147] [11] [47] [36] [78] [82] [171] [198] [167] [92] [98] [173] [119] [17] [84] [90] [153] [86] [54] [61] [8] [21] [70] [63] [123] [10] [122] [155] [103] [69] [161] [131] [23] [169] [24] [26] [25] [4] [166] [182] [93] [3] [68] [66] [31] [53] [174] [65] [168] [141] [88] [77] [148] [111] ]
  p == (size == 1) [ [156] ]
}  { cluster distance:
  d(l, p) == 177.762
  l == (size == 184) [ [145] [57] [2] [149] [195] [157] [94] [189] [18] [116] [55] [142] [107] [44] [139] [71] [154] [40] [186] [187] [73] [46] [140] [42] [34] [38] [76] [105] [28] [185] [165] [121] [48] [146] [117] [14] [101] [41] [183] [170] [192] [39] [113] [30] [162] [89] [160] [37] [50] [190] [150] [13] [197] [9] [199] [191] [60] [115] [178] [64] [67] [22] [184] [81] [6] [52] [106] [133] [136] [16] [163] [19] [59] [175] [180] [51] [27] [43] [176] [79] [137] [45] [72] [188] [91] [97] [114] [20] [179] [5] [138] [62] [151] [129] [74] [75] [172] [112] [96] [143] [80] [12] [134] [7] [120] [99] [87] [193] [127] [0] [32] [194] [56] [33] [1] [118] [29] [110] [164] [83] [196] [104] [152] [126] [58] [102] [159] [124] [135] [147] [11] [47] [36] [78] [82] [171] [198] [167] [92] [98] [173] [119] [17] [84] [90] [153] [86] [54] [61] [8] [21] [70] [63] [123] [10] [122] [155] [103] [69] [161] [131] [23] [169] [24] [26] [25] [4] [166] [182] [93] [3] [68] [66] [31] [53] [174] [65] [168] [141] [88] [77] [148] [111] [156] ]
  p == (size == 1) [ [15] ]
}  { cluster distance:
  d(l, p) == 176.796
  l == (size == 185) [ [145] [57] [2] [149] [195] [157] [94] [189] [18] [116] [55] [142] [107] [44] [139] [71] [154] [40] [186] [187] [73] [46] [140] [42] [34] [38] [76] [105] [28] [185] [165] [121] [48] [146] [117] [14] [101] [41] [183] [170] [192] [39] [113] [30] [162] [89] [160] [37] [50] [190] [150] [13] [197] [9] [199] [191] [60] [115] [178] [64] [67] [22] [184] [81] [6] [52] [106] [133] [136] [16] [163] [19] [59] [175] [180] [51] [27] [43] [176] [79] [137] [45] [72] [188] [91] [97] [114] [20] [179] [5] [138] [62] [151] [129] [74] [75] [172] [112] [96] [143] [80] [12] [134] [7] [120] [99] [87] [193] [127] [0] [32] [194] [56] [33] [1] [118] [29] [110] [164] [83] [196] [104] [152] [126] [58] [102] [159] [124] [135] [147] [11] [47] [36] [78] [82] [171] [198] [167] [92] [98] [173] [119] [17] [84] [90] [153] [86] [54] [61] [8] [21] [70] [63] [123] [10] [122] [155] [103] [69] [161] [131] [23] [169] [24] [26] [25] [4] [166] [182] [93] [3] [68] [66] [31] [53] [174] [65] [168] [141] [88] [77] [148] [111] [156] [15] ]
  p == (size == 1) [ [100] ]
}  { cluster distance:
  d(l, p) == 175.721
  l == (size == 186) [ [145] [57] [2] [149] [195] [157] [94] [189] [18] [116] [55] [142] [107] [44] [139] [71] [154] [40] [186] [187] [73] [46] [140] [42] [34] [38] [76] [105] [28] [185] [165] [121] [48] [146] [117] [14] [101] [41] [183] [170] [192] [39] [113] [30] [162] [89] [160] [37] [50] [190] [150] [13] [197] [9] [199] [191] [60] [115] [178] [64] [67] [22] [184] [81] [6] [52] [106] [133] [136] [16] [163] [19] [59] [175] [180] [51] [27] [43] [176] [79] [137] [45] [72] [188] [91] [97] [114] [20] [179] [5] [138] [62] [151] [129] [74] [75] [172] [112] [96] [143] [80] [12] [134] [7] [120] [99] [87] [193] [127] [0] [32] [194] [56] [33] [1] [118] [29] [110] [164] [83] [196] [104] [152] [126] [58] [102] [159] [124] [135] [147] [11] [47] [36] [78] [82] [171] [198] [167] [92] [98] [173] [119] [17] [84] [90] [153] [86] [54] [61] [8] [21] [70] [63] [123] [10] [122] [155] [103] [69] [161] [131] [23] [169] [24] [26] [25] [4] [166] [182] [93] [3] [68] [66] [31] [53] [174] [65] [168] [141] [88] [77] [148] [111] [156] [15] [100] ]
  p == (size == 1) [ [95] ]
}  { cluster distance:
  d(l, p) == 175.669
  l == (size == 187) [ [145] [57] [2] [149] [195] [157] [94] [189] [18] [116] [55] [142] [107] [44] [139] [71] [154] [40] [186] [187] [73] [46] [140] [42] [34] [38] [76] [105] [28] [185] [165] [121] [48] [146] [117] [14] [101] [41] [183] [170] [192] [39] [113] [30] [162] [89] [160] [37] [50] [190] [150] [13] [197] [9] [199] [191] [60] [115] [178] [64] [67] [22] [184] [81] [6] [52] [106] [133] [136] [16] [163] [19] [59] [175] [180] [51] [27] [43] [176] [79] [137] [45] [72] [188] [91] [97] [114] [20] [179] [5] [138] [62] [151] [129] [74] [75] [172] [112] [96] [143] [80] [12] [134] [7] [120] [99] [87] [193] [127] [0] [32] [194] [56] [33] [1] [118] [29] [110] [164] [83] [196] [104] [152] [126] [58] [102] [159] [124] [135] [147] [11] [47] [36] [78] [82] [171] [198] [167] [92] [98] [173] [119] [17] [84] [90] [153] [86] [54] [61] [8] [21] [70] [63] [123] [10] [122] [155] [103] [69] [161] [131] [23] [169] [24] [26] [25] [4] [166] [182] [93] [3] [68] [66] [31] [53] [174] [65] [168] [141] [88] [77] [148] [111] [156] [15] [100] [95] ]
  p == (size == 1) [ [144] ]
}  { cluster distance:
  d(l, p) == 175.053
  l == (size == 188) [ [145] [57] [2] [149] [195] [157] [94] [189] [18] [116] [55] [142] [107] [44] [139] [71] [154] [40] [186] [187] [73] [46] [140] [42] [34] [38] [76] [105] [28] [185] [165] [121] [48] [146] [117] [14] [101] [41] [183] [170] [192] [39] [113] [30] [162] [89] [160] [37] [50] [190] [150] [13] [197] [9] [199] [191] [60] [115] [178] [64] [67] [22] [184] [81] [6] [52] [106] [133] [136] [16] [163] [19] [59] [175] [180] [51] [27] [43] [176] [79] [137] [45] [72] [188] [91] [97] [114] [20] [179] [5] [138] [62] [151] [129] [74] [75] [172] [112] [96] [143] [80] [12] [134] [7] [120] [99] [87] [193] [127] [0] [32] [194] [56] [33] [1] [118] [29] [110] [164] [83] [196] [104] [152] [126] [58] [102] [159] [124] [135] [147] [11] [47] [36] [78] [82] [171] [198] [167] [92] [98] [173] [119] [17] [84] [90] [153] [86] [54] [61] [8] [21] [70] [63] [123] [10] [122] [155] [103] [69] [161] [131] [23] [169] [24] [26] [25] [4] [166] [182] [93] [3] [68] [66] [31] [53] [174] [65] [168] [141] [88] [77] [148] [111] [156] [15] [100] [95] [144] ]
  p == (size == 1) [ [125] ]
}  { cluster distance:
  d(l, p) == 174.593
  l == (size == 189) [ [145] [57] [2] [149] [195] [157] [94] [189] [18] [116] [55] [142] [107] [44] [139] [71] [154] [40] [186] [187] [73] [46] [140] [42] [34] [38] [76] [105] [28] [185] [165] [121] [48] [146] [117] [14] [101] [41] [183] [170] [192] [39] [113] [30] [162] [89] [160] [37] [50] [190] [150] [13] [197] [9] [199] [191] [60] [115] [178] [64] [67] [22] [184] [81] [6] [52] [106] [133] [136] [16] [163] [19] [59] [175] [180] [51] [27] [43] [176] [79] [137] [45] [72] [188] [91] [97] [114] [20] [179] [5] [138] [62] [151] [129] [74] [75] [172] [112] [96] [143] [80] [12] [134] [7] [120] [99] [87] [193] [127] [0] [32] [194] [56] [33] [1] [118] [29] [110] [164] [83] [196] [104] [152] [126] [58] [102] [159] [124] [135] [147] [11] [47] [36] [78] [82] [171] [198] [167] [92] [98] [173] [119] [17] [84] [90] [153] [86] [54] [61] [8] [21] [70] [63] [123] [10] [122] [155] [103] [69] [161] [131] [23] [169] [24] [26] [25] [4] [166] [182] [93] [3] [68] [66] [31] [53] [174] [65] [168] [141] [88] [77] [148] [111] [156] [15] [100] [95] [144] [125] ]
  p == (size == 1) [ [109] ]
}  { cluster distance:
  d(l, p) == 173.568
  l == (size == 190) [ [145] [57] [2] [149] [195] [157] [94] [189] [18] [116] [55] [142] [107] [44] [139] [71] [154] [40] [186] [187] [73] [46] [140] [42] [34] [38] [76] [105] [28] [185] [165] [121] [48] [146] [117] [14] [101] [41] [183] [170] [192] [39] [113] [30] [162] [89] [160] [37] [50] [190] [150] [13] [197] [9] [199] [191] [60] [115] [178] [64] [67] [22] [184] [81] [6] [52] [106] [133] [136] [16] [163] [19] [59] [175] [180] [51] [27] [43] [176] [79] [137] [45] [72] [188] [91] [97] [114] [20] [179] [5] [138] [62] [151] [129] [74] [75] [172] [112] [96] [143] [80] [12] [134] [7] [120] [99] [87] [193] [127] [0] [32] [194] [56] [33] [1] [118] [29] [110] [164] [83] [196] [104] [152] [126] [58] [102] [159] [124] [135] [147] [11] [47] [36] [78] [82] [171] [198] [167] [92] [98] [173] [119] [17] [84] [90] [153] [86] [54] [61] [8] [21] [70] [63] [123] [10] [122] [155] [103] [69] [161] [131] [23] [169] [24] [26] [25] [4] [166] [182] [93] [3] [68] [66] [31] [53] [174] [65] [168] [141] [88] [77] [148] [111] [156] [15] [100] [95] [144] [125] [109] ]
  p == (size == 1) [ [85] ]
}  { cluster distance:
  d(l, p) == 173.324
  l == (size == 191) [ [145] [57] [2] [149] [195] [157] [94] [189] [18] [116] [55] [142] [107] [44] [139] [71] [154] [40] [186] [187] [73] [46] [140] [42] [34] [38] [76] [105] [28] [185] [165] [121] [48] [146] [117] [14] [101] [41] [183] [170] [192] [39] [113] [30] [162] [89] [160] [37] [50] [190] [150] [13] [197] [9] [199] [191] [60] [115] [178] [64] [67] [22] [184] [81] [6] [52] [106] [133] [136] [16] [163] [19] [59] [175] [180] [51] [27] [43] [176] [79] [137] [45] [72] [188] [91] [97] [114] [20] [179] [5] [138] [62] [151] [129] [74] [75] [172] [112] [96] [143] [80] [12] [134] [7] [120] [99] [87] [193] [127] [0] [32] [194] [56] [33] [1] [118] [29] [110] [164] [83] [196] [104] [152] [126] [58] [102] [159] [124] [135] [147] [11] [47] [36] [78] [82] [171] [198] [167] [92] [98] [173] [119] [17] [84] [90] [153] [86] [54] [61] [8] [21] [70] [63] [123] [10] [122] [155] [103] [69] [161] [131] [23] [169] [24] [26] [25] [4] [166] [182] [93] [3] [68] [66] [31] [53] [174] [65] [168] [141] [88] [77] [148] [111] [156] [15] [100] [95] [144] [125] [109] [85] ]
  p == (size == 1) [ [132] ]
}  { cluster distance:
  d(l, p) == 172.846
  l == (size == 192) [ [145] [57] [2] [149] [195] [157] [94] [189] [18] [116] [55] [142] [107] [44] [139] [71] [154] [40] [186] [187] [73] [46] [140] [42] [34] [38] [76] [105] [28] [185] [165] [121] [48] [146] [117] [14] [101] [41] [183] [170] [192] [39] [113] [30] [162] [89] [160] [37] [50] [190] [150] [13] [197] [9] [199] [191] [60] [115] [178] [64] [67] [22] [184] [81] [6] [52] [106] [133] [136] [16] [163] [19] [59] [175] [180] [51] [27] [43] [176] [79] [137] [45] [72] [188] [91] [97] [114] [20] [179] [5] [138] [62] [151] [129] [74] [75] [172] [112] [96] [143] [80] [12] [134] [7] [120] [99] [87] [193] [127] [0] [32] [194] [56] [33] [1] [118] [29] [110] [164] [83] [196] [104] [152] [126] [58] [102] [159] [124] [135] [147] [11] [47] [36] [78] [82] [171] [198] [167] [92] [98] [173] [119] [17] [84] [90] [153] [86] [54] [61] [8] [21] [70] [63] [123] [10] [122] [155] [103] [69] [161] [131] [23] [169] [24] [26] [25] [4] [166] [182] [93] [3] [68] [66] [31] [53] [174] [65] [168] [141] [88] [77] [148] [111] [156] [15] [100] [95] [144] [125] [109] [85] [132] ]
  p == (size == 1) [ [158] ]
}  { cluster distance:
  d(l, p) == 172.428
  l == (size == 193) [ [145] [57] [2] [149] [195] [157] [94] [189] [18] [116] [55] [142] [107] [44] [139] [71] [154] [40] [186] [187] [73] [46] [140] [42] [34] [38] [76] [105] [28] [185] [165] [121] [48] [146] [117] [14] [101] [41] [183] [170] [192] [39] [113] [30] [162] [89] [160] [37] [50] [190] [150] [13] [197] [9] [199] [191] [60] [115] [178] [64] [67] [22] [184] [81] [6] [52] [106] [133] [136] [16] [163] [19] [59] [175] [180] [51] [27] [43] [176] [79] [137] [45] [72] [188] [91] [97] [114] [20] [179] [5] [138] [62] [151] [129] [74] [75] [172] [112] [96] [143] [80] [12] [134] [7] [120] [99] [87] [193] [127] [0] [32] [194] [56] [33] [1] [118] [29] [110] [164] [83] [196] [104] [152] [126] [58] [102] [159] [124] [135] [147] [11] [47] [36] [78] [82] [171] [198] [167] [92] [98] [173] [119] [17] [84] [90] [153] [86] [54] [61] [8] [21] [70] [63] [123] [10] [122] [155] [103] [69] [161] [131] [23] [169] [24] [26] [25] [4] [166] [182] [93] [3] [68] [66] [31] [53] [174] [65] [168] [141] [88] [77] [148] [111] [156] [15] [100] [95] [144] [125] [109] [85] [132] [158] ]
  p == (size == 1) [ [181] ]
}  { cluster distance:
  d(l, p) == 170.941
  l == (size == 194) [ [145] [57] [2] [149] [195] [157] [94] [189] [18] [116] [55] [142] [107] [44] [139] [71] [154] [40] [186] [187] [73] [46] [140] [42] [34] [38] [76] [105] [28] [185] [165] [121] [48] [146] [117] [14] [101] [41] [183] [170] [192] [39] [113] [30] [162] [89] [160] [37] [50] [190] [150] [13] [197] [9] [199] [191] [60] [115] [178] [64] [67] [22] [184] [81] [6] [52] [106] [133] [136] [16] [163] [19] [59] [175] [180] [51] [27] [43] [176] [79] [137] [45] [72] [188] [91] [97] [114] [20] [179] [5] [138] [62] [151] [129] [74] [75] [172] [112] [96] [143] [80] [12] [134] [7] [120] [99] [87] [193] [127] [0] [32] [194] [56] [33] [1] [118] [29] [110] [164] [83] [196] [104] [152] [126] [58] [102] [159] [124] [135] [147] [11] [47] [36] [78] [82] [171] [198] [167] [92] [98] [173] [119] [17] [84] [90] [153] [86] [54] [61] [8] [21] [70] [63] [123] [10] [122] [155] [103] [69] [161] [131] [23] [169] [24] [26] [25] [4] [166] [182] [93] [3] [68] [66] [31] [53] [174] [65] [168] [141] [88] [77] [148] [111] [156] [15] [100] [95] [144] [125] [109] [85] [132] [158] [181] ]
  p == (size == 1) [ [108] ]
}  { cluster distance:
  d(l, p) == 169.624
  l == (size == 195) [ [145] [57] [2] [149] [195] [157] [94] [189] [18] [116] [55] [142] [107] [44] [139] [71] [154] [40] [186] [187] [73] [46] [140] [42] [34] [38] [76] [105] [28] [185] [165] [121] [48] [146] [117] [14] [101] [41] [183] [170] [192] [39] [113] [30] [162] [89] [160] [37] [50] [190] [150] [13] [197] [9] [199] [191] [60] [115] [178] [64] [67] [22] [184] [81] [6] [52] [106] [133] [136] [16] [163] [19] [59] [175] [180] [51] [27] [43] [176] [79] [137] [45] [72] [188] [91] [97] [114] [20] [179] [5] [138] [62] [151] [129] [74] [75] [172] [112] [96] [143] [80] [12] [134] [7] [120] [99] [87] [193] [127] [0] [32] [194] [56] [33] [1] [118] [29] [110] [164] [83] [196] [104] [152] [126] [58] [102] [159] [124] [135] [147] [11] [47] [36] [78] [82] [171] [198] [167] [92] [98] [173] [119] [17] [84] [90] [153] [86] [54] [61] [8] [21] [70] [63] [123] [10] [122] [155] [103] [69] [161] [131] [23] [169] [24] [26] [25] [4] [166] [182] [93] [3] [68] [66] [31] [53] [174] [65] [168] [141] [88] [77] [148] [111] [156] [15] [100] [95] [144] [125] [109] [85] [132] [158] [181] [108] ]
  p == (size == 1) [ [177] ]
}  { cluster distance:
  d(l, p) == 167.842
  l == (size == 196) [ [145] [57] [2] [149] [195] [157] [94] [189] [18] [116] [55] [142] [107] [44] [139] [71] [154] [40] [186] [187] [73] [46] [140] [42] [34] [38] [76] [105] [28] [185] [165] [121] [48] [146] [117] [14] [101] [41] [183] [170] [192] [39] [113] [30] [162] [89] [160] [37] [50] [190] [150] [13] [197] [9] [199] [191] [60] [115] [178] [64] [67] [22] [184] [81] [6] [52] [106] [133] [136] [16] [163] [19] [59] [175] [180] [51] [27] [43] [176] [79] [137] [45] [72] [188] [91] [97] [114] [20] [179] [5] [138] [62] [151] [129] [74] [75] [172] [112] [96] [143] [80] [12] [134] [7] [120] [99] [87] [193] [127] [0] [32] [194] [56] [33] [1] [118] [29] [110] [164] [83] [196] [104] [152] [126] [58] [102] [159] [124] [135] [147] [11] [47] [36] [78] [82] [171] [198] [167] [92] [98] [173] [119] [17] [84] [90] [153] [86] [54] [61] [8] [21] [70] [63] [123] [10] [122] [155] [103] [69] [161] [131] [23] [169] [24] [26] [25] [4] [166] [182] [93] [3] [68] [66] [31] [53] [174] [65] [168] [141] [88] [77] [148] [111] [156] [15] [100] [95] [144] [125] [109] [85] [132] [158] [181] [108] [177] ]
  p == (size == 1) [ [35] ]
}  { cluster distance:
  d(l, p) == 167.548
  l == (size == 197) [ [145] [57] [2] [149] [195] [157] [94] [189] [18] [116] [55] [142] [107] [44] [139] [71] [154] [40] [186] [187] [73] [46] [140] [42] [34] [38] [76] [105] [28] [185] [165] [121] [48] [146] [117] [14] [101] [41] [183] [170] [192] [39] [113] [30] [162] [89] [160] [37] [50] [190] [150] [13] [197] [9] [199] [191] [60] [115] [178] [64] [67] [22] [184] [81] [6] [52] [106] [133] [136] [16] [163] [19] [59] [175] [180] [51] [27] [43] [176] [79] [137] [45] [72] [188] [91] [97] [114] [20] [179] [5] [138] [62] [151] [129] [74] [75] [172] [112] [96] [143] [80] [12] [134] [7] [120] [99] [87] [193] [127] [0] [32] [194] [56] [33] [1] [118] [29] [110] [164] [83] [196] [104] [152] [126] [58] [102] [159] [124] [135] [147] [11] [47] [36] [78] [82] [171] [198] [167] [92] [98] [173] [119] [17] [84] [90] [153] [86] [54] [61] [8] [21] [70] [63] [123] [10] [122] [155] [103] [69] [161] [131] [23] [169] [24] [26] [25] [4] [166] [182] [93] [3] [68] [66] [31] [53] [174] [65] [168] [141] [88] [77] [148] [111] [156] [15] [100] [95] [144] [125] [109] [85] [132] [158] [181] [108] [177] [35] ]
  p == (size == 1) [ [130] ]
}  { cluster distance:
  d(l, p) == 165.311
  l == (size == 198) [ [145] [57] [2] [149] [195] [157] [94] [189] [18] [116] [55] [142] [107] [44] [139] [71] [154] [40] [186] [187] [73] [46] [140] [42] [34] [38] [76] [105] [28] [185] [165] [121] [48] [146] [117] [14] [101] [41] [183] [170] [192] [39] [113] [30] [162] [89] [160] [37] [50] [190] [150] [13] [197] [9] [199] [191] [60] [115] [178] [64] [67] [22] [184] [81] [6] [52] [106] [133] [136] [16] [163] [19] [59] [175] [180] [51] [27] [43] [176] [79] [137] [45] [72] [188] [91] [97] [114] [20] [179] [5] [138] [62] [151] [129] [74] [75] [172] [112] [96] [143] [80] [12] [134] [7] [120] [99] [87] [193] [127] [0] [32] [194] [56] [33] [1] [118] [29] [110] [164] [83] [196] [104] [152] [126] [58] [102] [159] [124] [135] [147] [11] [47] [36] [78] [82] [171] [198] [167] [92] [98] [173] [119] [17] [84] [90] [153] [86] [54] [61] [8] [21] [70] [63] [123] [10] [122] [155] [103] [69] [161] [131] [23] [169] [24] [26] [25] [4] [166] [182] [93] [3] [68] [66] [31] [53] [174] [65] [168] [141] [88] [77] [148] [111] [156] [15] [100] [95] [144] [125] [109] [85] [132] [158] [181] [108] [177] [35] [130] ]
  p == (size == 1) [ [49] ]
}  { cluster distance:
  d(l, p) == 162.506
  l == (size == 199) [ [145] [57] [2] [149] [195] [157] [94] [189] [18] [116] [55] [142] [107] [44] [139] [71] [154] [40] [186] [187] [73] [46] [140] [42] [34] [38] [76] [105] [28] [185] [165] [121] [48] [146] [117] [14] [101] [41] [183] [170] [192] [39] [113] [30] [162] [89] [160] [37] [50] [190] [150] [13] [197] [9] [199] [191] [60] [115] [178] [64] [67] [22] [184] [81] [6] [52] [106] [133] [136] [16] [163] [19] [59] [175] [180] [51] [27] [43] [176] [79] [137] [45] [72] [188] [91] [97] [114] [20] [179] [5] [138] [62] [151] [129] [74] [75] [172] [112] [96] [143] [80] [12] [134] [7] [120] [99] [87] [193] [127] [0] [32] [194] [56] [33] [1] [118] [29] [110] [164] [83] [196] [104] [152] [126] [58] [102] [159] [124] [135] [147] [11] [47] [36] [78] [82] [171] [198] [167] [92] [98] [173] [119] [17] [84] [90] [153] [86] [54] [61] [8] [21] [70] [63] [123] [10] [122] [155] [103] [69] [161] [131] [23] [169] [24] [26] [25] [4] [166] [182] [93] [3] [68] [66] [31] [53] [174] [65] [168] [141] [88] [77] [148] [111] [156] [15] [100] [95] [144] [125] [109] [85] [132] [158] [181] [108] [177] [35] [130] [49] ]
  p == (size == 1) [ [128] ]
}  ]