(size == 47) [ { cluster distance:
  d(l, p) == 209.301
  l == (size == 1) [ [9] ]
  p == (size == 1) [ [18] ]
}  { cluster distance:
  d(l, p) == 205.592
  l == (size == 1) [ [8] ]
  p == (size == 1) [ [11] ]
}  { cluster distance:
  d(l, p) == 203.412
  l == (size == 1) [ [10] ]
  p == (size == 1) [ [37] ]
}  { cluster distance:
  d(l, p) == 201.631
  l == (size == 2) [ [8] [11] ]
  p == (size == 1) [ [0] ]
}  { cluster distance:
  d(l, p) == 197.497
  l == (size == 2) [ [9] [18] ]
  p == (size == 1) [ [19] ]
}  { cluster distance:
  d(l, p) == 197.239
  l == (size == 3) [ [8] [11] [0] ]
  p == (size == 1) [ [16] ]
}  { cluster distance:
  d(l, p) == 197.069
  l == (size == 1) [ [35] ]
  p == (size == 1) [ [25] ]
}  { cluster distance:
  d(l, p) == 196.915
  l == (size == 1) [ [33] ]
  p == (size == 3) [ [9] [18] [19] ]
}  { cluster distance:
  d(l, p) == 196.43
  l == (size == 2) [ [35] [25] ]
  p == (size == 1) [ [27] ]
}  { cluster distance:
  d(l, p) == 196.016
  l == (size == 2) [ [10] [37] ]
  p == (size == 1) [ [46] ]
}  { cluster distance:
  d(l, p) == 195.23
  l == (size == 3) [ [35] [25] [27] ]
  p == (size == 1) [ [14] ]
}  { cluster distance:
  d(l, p) == 194.441
  l == (size == 4) [ [33] [9] [18] [19] ]
  p == (size == 1) [ [32] ]
}  { cluster distance:
  d(l, p) == 194.089
  l == (size == 4) [ [8] [11] [0] [16] ]
  p == (size == 1) [ [20] ]
}  { cluster distance:
  d(l, p) == 193.845
  l == (size == 3) [ [10] [37] [46] ]
  p == (size == 1) [ [7] ]
}  { cluster distance:
  d(l, p) == 193.041
  l == (size == 1) [ [39] ]
  p == (size == 5) [ [8] [11] [0] [16] [20] ]
}  { cluster distance:
  d(l, p) == 192.513
  l == (size == 6) [ [39] [8] [11] [0] [16] [20] ]
  p == (size == 1) [ [30] ]
}  { cluster distance:
  d(l, p) == 191.221
  l == (size == 4) [ [10] [37] [46] [7] ]
  p == (size == 1) [ [36] ]
}  { cluster distance:
  d(l, p) == 190.534
  l == (size == 1) [ [43] ]
  p == (size == 5) [ [33] [9] [18] [19] [32] ]
}  { cluster distance:
  d(l, p) == 190.311
  l == (size == 7) [ [39] [8] [11] [0] [16] [20] [30] ]
  p == (size == 1) [ [2] ]
}  { cluster distance:
  d(l, p) == 189.637
  l == (size == 5) [ [10] [37] [46] [7] [36] ]
  p == (size == 1) [ [24] ]
}  { cluster distance:
  d(l, p) == 188.176
  l == (size == 6) [ [43] [33] [9] [18] [19] [32] ]
  p == (size == 1) [ [47] ]
}  { cluster distance:
  d(l, p) == 187.583
  l == (size == 1) [ [38] ]
  p == (size == 4) [ [35] [25] [27] [14] ]
}  { cluster distance:
  d(l, p) == 187.261
  l == (size == 5) [ [38] [35] [25] [27] [14] ]
  p == (size == 1) [ [21] ]
}  { cluster distance:
  d(l, p) == 187.073
  l == (size == 6) [ [38] [35] [25] [27] [14] [21] ]
  p == (size == 1) [ [23] ]
}  { cluster distance:
  d(l, p) == 186.921
  l == (size == 7) [ [43] [33] [9] [18] [19] [32] [47] ]
  p == (size == 1) [ [29] ]
}  { cluster distance:
  d(l, p) == 186.871
  l == (size == 8) [ [43] [33] [9] [18] [19] [32] [47] [29] ]
  p == (size == 1) [ [5] ]
}  { cluster distance:
  d(l, p) == 185.821
  l == (size == 8) [ [39] [8] [11] [0] [16] [20] [30] [2] ]
  p == (size == 1) [ [41] ]
}  { cluster distance:
  d(l, p) == 184.868
  l == (size == 9) [ [43] [33] [9] [18] [19] [32] [47] [29] [5] ]
  p == (size == 1) [ [4] ]
}  { cluster distance:
  d(l, p) == 183.964
  l == (size == 7) [ [38] [35] [25] [27] [14] [21] [23] ]
  p == (size == 1) [ [34] ]
}  { cluster distance:
  d(l, p) == 183.211
  l == (size == 9) [ [39] [8] [11] [0] [16] [20] [30] [2] [41] ]
  p == (size == 1) [ [13] ]
}  { cluster distance:
  d(l, p) == 183.144
  l == (size == 6) [ [10] [37] [46] [7] [36] [24] ]
  p == (size == 1) [ [12] ]
}  { cluster distance:
  d(l, p) == 182.984
  l == (size == 10) [ [43] [33] [9] [18] [19] [32] [47] [29] [5] [4] ]
  p == (size == 1) [ [3] ]
}  { cluster distance:
  d(l, p) == 182.367
  l == (size == 7) [ [10] [37] [46] [7] [36] [24] [12] ]
  p == (size == 1) [ [22] ]
}  { cluster distance:
  d(l, p) == 181.662
  l == (size == 8) [ [38] [35] [25] [27] [14] [21] [23] [34] ]
  p == (size == 1) [ [31] ]
}  { cluster distance:
  d(l, p) == 181.376
  l == (size == 11) [ [43] [33] [9] [18] [19] [32] [47] [29] [5] [4] [3] ]
  p == (size == 1) [ [15] ]
}  { cluster distance:
  d(l, p) == 181.264
  l == (size == 9) [ [38] [35] [25] [27] [14] [21] [23] [34] [31] ]
  p == (size == 1) [ [26] ]
}  { cluster distance:
  d(l, p) == 180.768
  l == (size == 10) [ [39] [8] [11] [0] [16] [20] [30] [2] [41] [13] ]
  p == (size == 10) [ [38] [35] [25] [27] [14] [21] [23] [34] [31] [26] ]
}  { cluster distance:
  d(l, p) == 180.343
  l == (size == 8) [ [10] [37] [46] [7] [36] [24] [12] [22] ]
  p == (size == 1) [ [40] ]
}  { cluster distance:
  d(l, p) == 180.246
  l == (size == 20) [ [39] [8] [11] [0] [16] [20] [30] [2] [41] [13] [38] [35] [25] [27] [14] [21] [23] [34] [31] [26] ]
  p == (size == 1) [ [17] ]
}  { cluster distance:
  d(l, p) == 180.059
  l == (size == 12) [ [43] [33] [9] [18] [19] [32] [47] [29] [5] [4] [3] [15] ]
  p == (size == 21) [ [39] [8] [11] [0] [16] [20] [30] [2] [41] [13] [38] [35] [25] [27] [14] [21] [23] [34] [31] [26] [17] ]
}  { cluster distance:
  d(l, p) == 178.545
  l == (size == 9) [ [10] [37] [46] [7] [36] [24] [12] [22] [40] ]
  p == (size == 1) [ [6] ]
}  { cluster distance:
  d(l, p) == 178.185
  l == (size == 33) [ [43] [33] [9] [18] [19] [32] [47] [29] [5] [4] [3] [15] [39] [8] [11] [0] [16] [20] [30] [2] [41] [13] [38] [35] [25] [27] [14] [21] [23] [34] [31] [26] [17] ]
  p == (size == 10) [ [10] [37] [46] [7] [36] [24] [12] [22] [40] [6] ]
}  { cluster distance:
  d(l, p) == 172.365
  l == (size == 43) [ [43] [33] [9] [18] [19] [32] [47] [29] [5] [4] [3] [15] [39] [8] [11] [0] [16] [20] [30] [2] [41] [13] [38] [35] [25] [27] [14] [21] [23] [34] [31] [26] [17] [10] [37] [46] [7] [36] [24] [12] [22] [40] [6] ]
  p == (size == 1) [ [42] ]
}  { cluster distance:
  d(l, p) == 170.713
  l == (size == 44) [ [43] [33] [9] [18] [19] [32] [47] [29] [5] [4] [3] [15] [39] [8] [11] [0] [16] [20] [30] [2] [41] [13] [38] [35] [25] [27] [14] [21] [23] [34] [31] [26] [17] [10] [37] [46] [7] [36] [24] [12] [22] [40] [6] [42] ]
  p == (size == 1) [ [44] ]
}  { cluster distance:
  d(l, p) == 170.357
  l == (size == 45) [ [43] [33] [9] [18] [19] [32] [47] [29] [5] [4] [3] [15] [39] [8] [11] [0] [16] [20] [30] [2] [41] [13] [38] [35] [25] [27] [14] [21] [23] [34] [31] [26] [17] [10] [37] [46] [7] [36] [24] [12] [22] [40] [6] [42] [44] ]
  p == (size == 1) [ [28] ]
}  { cluster distance:
  d(l, p) == 169.195
  l == (size == 1) [ [45] ]
  p == (size == 46) [ [43] [33] [9] [18] [19] [32] [47] [29] [5] [4] [3] [15] [39] [8] [11] [0] [16] [20] [30] [2] [41] [13] [38] [35] [25] [27] [14] [21] [23] [34] [31] [26] [17] [10] [37] [46] [7] [36] [24] [12] [22] [40] [6] [42] [44] [28] ]
}  { cluster distance:
  d(l, p) == 167.292
  l == (size == 47) [ [45] [43] [33] [9] [18] [19] [32] [47] [29] [5] [4] [3] [15] [39] [8] [11] [0] [16] [20] [30] [2] [41] [13] [38] [35] [25] [27] [14] [21] [23] [34] [31] [26] [17] [10] [37] [46] [7] [36] [24] [12] [22] [40] [6] [42] [44] [28] ]
  p == (size == 1) [ [1] ]
}  ]