  TryoutMastersDegreeProject.cpp
C:\Users\piotr\Documents\GitHub\MasterDegreeProject\TryoutMastersDegreeProject\TryoutMastersDegreeProject\TryoutMastersDegreeProject.cpp(213,34): error C2371: 'links::results': redefinition; different basic types
C:\Users\piotr\Documents\GitHub\MasterDegreeProject\TryoutMastersDegreeProject\TryoutMastersDegreeProject\TryoutMastersDegreeProject.cpp(203,34): message : see declaration of 'links::results'
C:\Users\piotr\Documents\GitHub\MasterDegreeProject\TryoutMastersDegreeProject\TryoutMastersDegreeProject\TryoutMastersDegreeProject.cpp(253,63): error C2672: 'std::_Hash<std::_Umap_traits<_Kty,_Ty,std::_Uhash_compare<_Kty,_Hasher,_Keyeq>,_Alloc,false>>::count': no matching overloaded function found
          with
          [
              _Kty=size_t,
              _Ty=std::vector<std::string,std::allocator<std::string>>,
              _Hasher=std::hash<size_t>,
              _Keyeq=std::equal_to<size_t>,
              _Alloc=std::allocator<std::pair<const size_t,std::vector<std::string,std::allocator<std::string>>>>
          ]
C:\Program Files\Microsoft Visual Studio\2022\Community\VC\Tools\MSVC\14.35.32215\include\xhash(1243,26): message : could be 'unsigned __int64 std::_Hash<std::_Umap_traits<_Kty,_Ty,std::_Uhash_compare<_Kty,_Hasher,_Keyeq>,_Alloc,false>>::count(const _Kty &) const'
          with
          [
              _Kty=size_t,
              _Ty=std::vector<std::string,std::allocator<std::string>>,
              _Hasher=std::hash<size_t>,
              _Keyeq=std::equal_to<size_t>,
              _Alloc=std::allocator<std::pair<const size_t,std::vector<std::string,std::allocator<std::string>>>>
          ]
C:\Users\piotr\Documents\GitHub\MasterDegreeProject\TryoutMastersDegreeProject\TryoutMastersDegreeProject\TryoutMastersDegreeProject.cpp(253,99): message : 'initializing': cannot convert from '_Ty' to 'const _Kty &'
          with
          [
              _Ty=std::string
          ]
          and
          [
              _Kty=size_t
          ]
C:\Users\piotr\Documents\GitHub\MasterDegreeProject\TryoutMastersDegreeProject\TryoutMastersDegreeProject\TryoutMastersDegreeProject.cpp(253,99): message : Reason: cannot convert from '_Ty' to 'const _Kty'
          with
          [
              _Ty=std::string
          ]
          and
          [
              _Kty=size_t
          ]
C:\Users\piotr\Documents\GitHub\MasterDegreeProject\TryoutMastersDegreeProject\TryoutMastersDegreeProject\TryoutMastersDegreeProject.cpp(253,99): message : No user-defined-conversion operator available that can perform this conversion, or the operator cannot be called
C:\Users\piotr\Documents\GitHub\MasterDegreeProject\TryoutMastersDegreeProject\TryoutMastersDegreeProject\TryoutMastersDegreeProject.cpp(253,119): error C2672: 'std::_Hash<std::_Umap_traits<_Kty,_Ty,std::_Uhash_compare<_Kty,_Hasher,_Keyeq>,_Alloc,false>>::count': no matching overloaded function found
          with
          [
              _Kty=size_t,
              _Ty=std::vector<std::string,std::allocator<std::string>>,
              _Hasher=std::hash<size_t>,
              _Keyeq=std::equal_to<size_t>,
              _Alloc=std::allocator<std::pair<const size_t,std::vector<std::string,std::allocator<std::string>>>>
          ]
C:\Program Files\Microsoft Visual Studio\2022\Community\VC\Tools\MSVC\14.35.32215\include\xhash(1243,26): message : could be 'unsigned __int64 std::_Hash<std::_Umap_traits<_Kty,_Ty,std::_Uhash_compare<_Kty,_Hasher,_Keyeq>,_Alloc,false>>::count(const _Kty &) const'
          with
          [
              _Kty=size_t,
              _Ty=std::vector<std::string,std::allocator<std::string>>,
              _Hasher=std::hash<size_t>,
              _Keyeq=std::equal_to<size_t>,
              _Alloc=std::allocator<std::pair<const size_t,std::vector<std::string,std::allocator<std::string>>>>
          ]
C:\Users\piotr\Documents\GitHub\MasterDegreeProject\TryoutMastersDegreeProject\TryoutMastersDegreeProject\TryoutMastersDegreeProject.cpp(253,156): message : 'initializing': cannot convert from '_Ty' to 'const _Kty &'
          with
          [
              _Ty=std::string
          ]
          and
          [
              _Kty=size_t
          ]
C:\Users\piotr\Documents\GitHub\MasterDegreeProject\TryoutMastersDegreeProject\TryoutMastersDegreeProject\TryoutMastersDegreeProject.cpp(253,156): message : Reason: cannot convert from '_Ty' to 'const _Kty'
          with
          [
              _Ty=std::string
          ]
          and
          [
              _Kty=size_t
          ]
C:\Users\piotr\Documents\GitHub\MasterDegreeProject\TryoutMastersDegreeProject\TryoutMastersDegreeProject\TryoutMastersDegreeProject.cpp(253,156): message : No user-defined-conversion operator available that can perform this conversion, or the operator cannot be called
C:\Users\piotr\Documents\GitHub\MasterDegreeProject\TryoutMastersDegreeProject\TryoutMastersDegreeProject\TryoutMastersDegreeProject.cpp(265,21): error C2665: 'std::_Hash<std::_Umap_traits<_Kty,_Ty,std::_Uhash_compare<_Kty,_Hasher,_Keyeq>,_Alloc,false>>::erase': no overloaded function could convert all the argument types
          with
          [
              _Kty=size_t,
              _Ty=std::vector<std::string,std::allocator<std::string>>,
              _Hasher=std::hash<size_t>,
              _Keyeq=std::equal_to<size_t>,
              _Alloc=std::allocator<std::pair<const size_t,std::vector<std::string,std::allocator<std::string>>>>
          ]
C:\Program Files\Microsoft Visual Studio\2022\Community\VC\Tools\MSVC\14.35.32215\include\xhash(1137,15): message : could be 'unsigned __int64 std::_Hash<std::_Umap_traits<_Kty,_Ty,std::_Uhash_compare<_Kty,_Hasher,_Keyeq>,_Alloc,false>>::erase(const unsigned __int64 &) noexcept'
          with
          [
              _Kty=size_t,
              _Ty=std::vector<std::string,std::allocator<std::string>>,
              _Hasher=std::hash<size_t>,
              _Keyeq=std::equal_to<size_t>,
              _Alloc=std::allocator<std::pair<const size_t,std::vector<std::string,std::allocator<std::string>>>>
          ]
C:\Users\piotr\Documents\GitHub\MasterDegreeProject\TryoutMastersDegreeProject\TryoutMastersDegreeProject\TryoutMastersDegreeProject.cpp(265,21): message : 'unsigned __int64 std::_Hash<std::_Umap_traits<_Kty,_Ty,std::_Uhash_compare<_Kty,_Hasher,_Keyeq>,_Alloc,false>>::erase(const unsigned __int64 &) noexcept': cannot convert argument 1 from '_Ty' to 'const unsigned __int64 &'
          with
          [
              _Kty=size_t,
              _Ty=std::vector<std::string,std::allocator<std::string>>,
              _Hasher=std::hash<size_t>,
              _Keyeq=std::equal_to<size_t>,
              _Alloc=std::allocator<std::pair<const size_t,std::vector<std::string,std::allocator<std::string>>>>
          ]
          and
          [
              _Ty=std::string
          ]
C:\Users\piotr\Documents\GitHub\MasterDegreeProject\TryoutMastersDegreeProject\TryoutMastersDegreeProject\TryoutMastersDegreeProject.cpp(265,57): message : Reason: cannot convert from '_Ty' to 'const unsigned __int64'
          with
          [
              _Ty=std::string
          ]
C:\Users\piotr\Documents\GitHub\MasterDegreeProject\TryoutMastersDegreeProject\TryoutMastersDegreeProject\TryoutMastersDegreeProject.cpp(265,57): message : No user-defined-conversion operator available that can perform this conversion, or the operator cannot be called
C:\Program Files\Microsoft Visual Studio\2022\Community\VC\Tools\MSVC\14.35.32215\include\xhash(1128,14): message : or       'std::_List_iterator<std::_List_val<std::_List_simple_types<_Ty>>> std::_Hash<std::_Umap_traits<_Kty,std::vector<std::string,std::allocator<std::string>>,std::_Uhash_compare<_Kty,_Hasher,_Keyeq>,_Alloc,false>>::erase(std::_List_const_iterator<std::_List_val<std::_List_simple_types<_Ty>>>) noexcept(<expr>)'
          with
          [
              _Ty=std::pair<const size_t,std::vector<std::string,std::allocator<std::string>>>,
              _Kty=size_t,
              _Hasher=std::hash<size_t>,
              _Keyeq=std::equal_to<size_t>,
              _Alloc=std::allocator<std::pair<const size_t,std::vector<std::string,std::allocator<std::string>>>>
          ]
C:\Users\piotr\Documents\GitHub\MasterDegreeProject\TryoutMastersDegreeProject\TryoutMastersDegreeProject\TryoutMastersDegreeProject.cpp(265,21): message : 'std::_List_iterator<std::_List_val<std::_List_simple_types<_Ty>>> std::_Hash<std::_Umap_traits<_Kty,std::vector<std::string,std::allocator<std::string>>,std::_Uhash_compare<_Kty,_Hasher,_Keyeq>,_Alloc,false>>::erase(std::_List_const_iterator<std::_List_val<std::_List_simple_types<_Ty>>>) noexcept(<expr>)': cannot convert argument 1 from '_Ty' to 'std::_List_const_iterator<std::_List_val<std::_List_simple_types<_Ty>>>'
          with
          [
              _Ty=std::pair<const size_t,std::vector<std::string,std::allocator<std::string>>>,
              _Kty=size_t,
              _Hasher=std::hash<size_t>,
              _Keyeq=std::equal_to<size_t>,
              _Alloc=std::allocator<std::pair<const size_t,std::vector<std::string,std::allocator<std::string>>>>
          ]
          and
          [
              _Ty=std::string
          ]
          and
          [
              _Ty=std::pair<const size_t,std::vector<std::string,std::allocator<std::string>>>
          ]
C:\Users\piotr\Documents\GitHub\MasterDegreeProject\TryoutMastersDegreeProject\TryoutMastersDegreeProject\TryoutMastersDegreeProject.cpp(265,57): message : No user-defined-conversion operator available that can perform this conversion, or the operator cannot be called
C:\Program Files\Microsoft Visual Studio\2022\Community\VC\Tools\MSVC\14.35.32215\include\xhash(1124,14): message : or       'std::_List_iterator<std::_List_val<std::_List_simple_types<_Ty>>> std::_Hash<std::_Umap_traits<_Kty,std::vector<std::string,std::allocator<std::string>>,std::_Uhash_compare<_Kty,_Hasher,_Keyeq>,_Alloc,false>>::erase(std::_List_iterator<std::_List_val<std::_List_simple_types<_Ty>>>) noexcept(<expr>)'
          with
          [
              _Ty=std::pair<const size_t,std::vector<std::string,std::allocator<std::string>>>,
              _Kty=size_t,
              _Hasher=std::hash<size_t>,
              _Keyeq=std::equal_to<size_t>,
              _Alloc=std::allocator<std::pair<const size_t,std::vector<std::string,std::allocator<std::string>>>>
          ]
C:\Users\piotr\Documents\GitHub\MasterDegreeProject\TryoutMastersDegreeProject\TryoutMastersDegreeProject\TryoutMastersDegreeProject.cpp(265,57): message : 'initializing': cannot convert from '_Ty' to 'std::_List_iterator<std::_List_val<std::_List_simple_types<_Ty>>>'
          with
          [
              _Ty=std::string
          ]
          and
          [
              _Ty=std::pair<const size_t,std::vector<std::string,std::allocator<std::string>>>
          ]
C:\Users\piotr\Documents\GitHub\MasterDegreeProject\TryoutMastersDegreeProject\TryoutMastersDegreeProject\TryoutMastersDegreeProject.cpp(265,57): message : No user-defined-conversion operator available that can perform this conversion, or the operator cannot be called
C:\Users\piotr\Documents\GitHub\MasterDegreeProject\TryoutMastersDegreeProject\TryoutMastersDegreeProject\TryoutMastersDegreeProject.cpp(265,21): message : while trying to match the argument list '(_Ty)'
          with
          [
              _Ty=std::string
          ]
C:\Users\piotr\Documents\GitHub\MasterDegreeProject\TryoutMastersDegreeProject\TryoutMastersDegreeProject\TryoutMastersDegreeProject.cpp(266,21): error C2665: 'std::_Hash<std::_Umap_traits<_Kty,_Ty,std::_Uhash_compare<_Kty,_Hasher,_Keyeq>,_Alloc,false>>::erase': no overloaded function could convert all the argument types
          with
          [
              _Kty=size_t,
              _Ty=std::vector<std::string,std::allocator<std::string>>,
              _Hasher=std::hash<size_t>,
              _Keyeq=std::equal_to<size_t>,
              _Alloc=std::allocator<std::pair<const size_t,std::vector<std::string,std::allocator<std::string>>>>
          ]
C:\Program Files\Microsoft Visual Studio\2022\Community\VC\Tools\MSVC\14.35.32215\include\xhash(1137,15): message : could be 'unsigned __int64 std::_Hash<std::_Umap_traits<_Kty,_Ty,std::_Uhash_compare<_Kty,_Hasher,_Keyeq>,_Alloc,false>>::erase(const unsigned __int64 &) noexcept'
          with
          [
              _Kty=size_t,
              _Ty=std::vector<std::string,std::allocator<std::string>>,
              _Hasher=std::hash<size_t>,
              _Keyeq=std::equal_to<size_t>,
              _Alloc=std::allocator<std::pair<const size_t,std::vector<std::string,std::allocator<std::string>>>>
          ]
C:\Users\piotr\Documents\GitHub\MasterDegreeProject\TryoutMastersDegreeProject\TryoutMastersDegreeProject\TryoutMastersDegreeProject.cpp(266,21): message : 'unsigned __int64 std::_Hash<std::_Umap_traits<_Kty,_Ty,std::_Uhash_compare<_Kty,_Hasher,_Keyeq>,_Alloc,false>>::erase(const unsigned __int64 &) noexcept': cannot convert argument 1 from '_Ty' to 'const unsigned __int64 &'
          with
          [
              _Kty=size_t,
              _Ty=std::vector<std::string,std::allocator<std::string>>,
              _Hasher=std::hash<size_t>,
              _Keyeq=std::equal_to<size_t>,
              _Alloc=std::allocator<std::pair<const size_t,std::vector<std::string,std::allocator<std::string>>>>
          ]
          and
          [
              _Ty=std::string
          ]
C:\Users\piotr\Documents\GitHub\MasterDegreeProject\TryoutMastersDegreeProject\TryoutMastersDegreeProject\TryoutMastersDegreeProject.cpp(266,58): message : Reason: cannot convert from '_Ty' to 'const unsigned __int64'
          with
          [
              _Ty=std::string
          ]
C:\Users\piotr\Documents\GitHub\MasterDegreeProject\TryoutMastersDegreeProject\TryoutMastersDegreeProject\TryoutMastersDegreeProject.cpp(266,58): message : No user-defined-conversion operator available that can perform this conversion, or the operator cannot be called
C:\Program Files\Microsoft Visual Studio\2022\Community\VC\Tools\MSVC\14.35.32215\include\xhash(1128,14): message : or       'std::_List_iterator<std::_List_val<std::_List_simple_types<_Ty>>> std::_Hash<std::_Umap_traits<_Kty,std::vector<std::string,std::allocator<std::string>>,std::_Uhash_compare<_Kty,_Hasher,_Keyeq>,_Alloc,false>>::erase(std::_List_const_iterator<std::_List_val<std::_List_simple_types<_Ty>>>) noexcept(<expr>)'
          with
          [
              _Ty=std::pair<const size_t,std::vector<std::string,std::allocator<std::string>>>,
              _Kty=size_t,
              _Hasher=std::hash<size_t>,
              _Keyeq=std::equal_to<size_t>,
              _Alloc=std::allocator<std::pair<const size_t,std::vector<std::string,std::allocator<std::string>>>>
          ]
C:\Users\piotr\Documents\GitHub\MasterDegreeProject\TryoutMastersDegreeProject\TryoutMastersDegreeProject\TryoutMastersDegreeProject.cpp(266,21): message : 'std::_List_iterator<std::_List_val<std::_List_simple_types<_Ty>>> std::_Hash<std::_Umap_traits<_Kty,std::vector<std::string,std::allocator<std::string>>,std::_Uhash_compare<_Kty,_Hasher,_Keyeq>,_Alloc,false>>::erase(std::_List_const_iterator<std::_List_val<std::_List_simple_types<_Ty>>>) noexcept(<expr>)': cannot convert argument 1 from '_Ty' to 'std::_List_const_iterator<std::_List_val<std::_List_simple_types<_Ty>>>'
          with
          [
              _Ty=std::pair<const size_t,std::vector<std::string,std::allocator<std::string>>>,
              _Kty=size_t,
              _Hasher=std::hash<size_t>,
              _Keyeq=std::equal_to<size_t>,
              _Alloc=std::allocator<std::pair<const size_t,std::vector<std::string,std::allocator<std::string>>>>
          ]
          and
          [
              _Ty=std::string
          ]
          and
          [
              _Ty=std::pair<const size_t,std::vector<std::string,std::allocator<std::string>>>
          ]
C:\Users\piotr\Documents\GitHub\MasterDegreeProject\TryoutMastersDegreeProject\TryoutMastersDegreeProject\TryoutMastersDegreeProject.cpp(266,58): message : No user-defined-conversion operator available that can perform this conversion, or the operator cannot be called
C:\Program Files\Microsoft Visual Studio\2022\Community\VC\Tools\MSVC\14.35.32215\include\xhash(1124,14): message : or       'std::_List_iterator<std::_List_val<std::_List_simple_types<_Ty>>> std::_Hash<std::_Umap_traits<_Kty,std::vector<std::string,std::allocator<std::string>>,std::_Uhash_compare<_Kty,_Hasher,_Keyeq>,_Alloc,false>>::erase(std::_List_iterator<std::_List_val<std::_List_simple_types<_Ty>>>) noexcept(<expr>)'
          with
          [
              _Ty=std::pair<const size_t,std::vector<std::string,std::allocator<std::string>>>,
              _Kty=size_t,
              _Hasher=std::hash<size_t>,
              _Keyeq=std::equal_to<size_t>,
              _Alloc=std::allocator<std::pair<const size_t,std::vector<std::string,std::allocator<std::string>>>>
          ]
C:\Users\piotr\Documents\GitHub\MasterDegreeProject\TryoutMastersDegreeProject\TryoutMastersDegreeProject\TryoutMastersDegreeProject.cpp(266,58): message : 'initializing': cannot convert from '_Ty' to 'std::_List_iterator<std::_List_val<std::_List_simple_types<_Ty>>>'
          with
          [
              _Ty=std::string
          ]
          and
          [
              _Ty=std::pair<const size_t,std::vector<std::string,std::allocator<std::string>>>
          ]
C:\Users\piotr\Documents\GitHub\MasterDegreeProject\TryoutMastersDegreeProject\TryoutMastersDegreeProject\TryoutMastersDegreeProject.cpp(266,58): message : No user-defined-conversion operator available that can perform this conversion, or the operator cannot be called
C:\Users\piotr\Documents\GitHub\MasterDegreeProject\TryoutMastersDegreeProject\TryoutMastersDegreeProject\TryoutMastersDegreeProject.cpp(266,21): message : while trying to match the argument list '(_Ty)'
          with
          [
              _Ty=std::string
          ]
C:\Users\piotr\Documents\GitHub\MasterDegreeProject\TryoutMastersDegreeProject\TryoutMastersDegreeProject\TryoutMastersDegreeProject.cpp(269,9): error C2440: 'return': cannot convert from 'std::vector<links::ClusterDistance,std::allocator<links::ClusterDistance>>' to 'std::vector<ClusterDiscance,std::allocator<ClusterDiscance>>'
C:\Users\piotr\Documents\GitHub\MasterDegreeProject\TryoutMastersDegreeProject\TryoutMastersDegreeProject\TryoutMastersDegreeProject.cpp(269,9): message : No user-defined-conversion operator available that can perform this conversion, or the operator cannot be called
